{"/Users/kenwu/WebstormProjects/aura/.claude/worktrees/join-log/src/constants.ts": {"path":"/Users/kenwu/WebstormProjects/aura/.claude/worktrees/join-log/src/constants.ts","statementMap":{"0":{"start":{"line":1,"column":27},"end":{"line":1,"column":null}},"1":{"start":{"line":2,"column":26},"end":{"line":2,"column":null}},"2":{"start":{"line":5,"column":27},"end":{"line":5,"column":null}},"3":{"start":{"line":8,"column":33},"end":{"line":8,"column":null}},"4":{"start":{"line":11,"column":35},"end":{"line":11,"column":null}},"5":{"start":{"line":12,"column":35},"end":{"line":12,"column":null}},"6":{"start":{"line":13,"column":56},"end":{"line":13,"column":null}},"7":{"start":{"line":14,"column":29},"end":{"line":14,"column":null}},"8":{"start":{"line":15,"column":27},"end":{"line":15,"column":null}},"9":{"start":{"line":16,"column":27},"end":{"line":16,"column":null}},"10":{"start":{"line":17,"column":33},"end":{"line":17,"column":null}},"11":{"start":{"line":18,"column":35},"end":{"line":18,"column":null}},"12":{"start":{"line":19,"column":38},"end":{"line":19,"column":null}},"13":{"start":{"line":20,"column":38},"end":{"line":20,"column":null}},"14":{"start":{"line":21,"column":36},"end":{"line":21,"column":null}},"15":{"start":{"line":22,"column":27},"end":{"line":22,"column":null}},"16":{"start":{"line":24,"column":40},"end":{"line":24,"column":null}},"17":{"start":{"line":27,"column":34},"end":{"line":27,"column":null}},"18":{"start":{"line":30,"column":35},"end":{"line":30,"column":null}},"19":{"start":{"line":32,"column":32},"end":{"line":32,"column":null}},"20":{"start":{"line":37,"column":31},"end":{"line":37,"column":null}},"21":{"start":{"line":40,"column":38},"end":{"line":40,"column":null}}},"fnMap":{"0":{"name":"YDOC_PLAYER","decl":{"start":{"line":13,"column":16},"end":{"line":13,"column":28}},"loc":{"start":{"line":13,"column":54},"end":{"line":13,"column":null}},"line":13}},"branchMap":{},"s":{"0":31,"1":31,"2":31,"3":31,"4":31,"5":31,"6":295,"7":31,"8":31,"9":31,"10":31,"11":31,"12":31,"13":31,"14":31,"15":31,"16":31,"17":31,"18":31,"19":31,"20":31,"21":31},"f":{"0":295},"b":{},"meta":{"lastBranch":0,"lastFunction":1,"lastStatement":22,"seen":{"s:1:27:1:Infinity":0,"s:2:26:2:Infinity":1,"s:5:27:5:Infinity":2,"s:8:33:8:Infinity":3,"s:11:35:11:Infinity":4,"s:12:35:12:Infinity":5,"f:13:16:13:28":0,"s:13:56:13:Infinity":6,"s:14:29:14:Infinity":7,"s:15:27:15:Infinity":8,"s:16:27:16:Infinity":9,"s:17:33:17:Infinity":10,"s:18:35:18:Infinity":11,"s:19:38:19:Infinity":12,"s:20:38:20:Infinity":13,"s:21:36:21:Infinity":14,"s:22:27:22:Infinity":15,"s:24:40:24:Infinity":16,"s:27:34:27:Infinity":17,"s:30:35:30:Infinity":18,"s:32:32:32:Infinity":19,"s:37:31:37:Infinity":20,"s:40:38:40:Infinity":21},"fnNames":{}}}
,"/Users/kenwu/WebstormProjects/aura/.claude/worktrees/join-log/src/app/HelpModal.tsx": {"path":"/Users/kenwu/WebstormProjects/aura/.claude/worktrees/join-log/src/app/HelpModal.tsx","statementMap":{"0":{"start":{"line":17,"column":13},"end":{"line":48,"column":null}},"1":{"start":{"line":18,"column":2},"end":{"line":48,"column":null}},"2":{"start":{"line":19,"column":50},"end":{"line":19,"column":68}},"3":{"start":{"line":29,"column":38},"end":{"line":29,"column":null}},"4":{"start":{"line":30,"column":38},"end":{"line":30,"column":null}},"5":{"start":{"line":31,"column":38},"end":{"line":31,"column":null}},"6":{"start":{"line":32,"column":37},"end":{"line":32,"column":null}},"7":{"start":{"line":33,"column":38},"end":{"line":33,"column":null}},"8":{"start":{"line":34,"column":38},"end":{"line":34,"column":null}},"9":{"start":{"line":35,"column":38},"end":{"line":35,"column":null}},"10":{"start":{"line":36,"column":42},"end":{"line":36,"column":null}},"11":{"start":{"line":37,"column":40},"end":{"line":37,"column":null}},"12":{"start":{"line":38,"column":39},"end":{"line":38,"column":null}},"13":{"start":{"line":39,"column":43},"end":{"line":39,"column":null}},"14":{"start":{"line":40,"column":46},"end":{"line":40,"column":null}}},"fnMap":{"0":{"name":"(anonymous_0)","decl":{"start":{"line":17,"column":13},"end":{"line":17,"column":52}},"loc":{"start":{"line":17,"column":76},"end":{"line":48,"column":null}},"line":17},"1":{"name":"(anonymous_1)","decl":{"start":{"line":19,"column":26},"end":{"line":19,"column":41}},"loc":{"start":{"line":19,"column":50},"end":{"line":19,"column":68}},"line":19},"2":{"name":"(anonymous_2)","decl":{"start":{"line":29,"column":16},"end":{"line":29,"column":21}},"loc":{"start":{"line":29,"column":38},"end":{"line":29,"column":null}},"line":29},"3":{"name":"(anonymous_3)","decl":{"start":{"line":30,"column":16},"end":{"line":30,"column":21}},"loc":{"start":{"line":30,"column":38},"end":{"line":30,"column":null}},"line":30},"4":{"name":"(anonymous_4)","decl":{"start":{"line":31,"column":16},"end":{"line":31,"column":21}},"loc":{"start":{"line":31,"column":38},"end":{"line":31,"column":null}},"line":31},"5":{"name":"(anonymous_5)","decl":{"start":{"line":32,"column":16},"end":{"line":32,"column":20}},"loc":{"start":{"line":32,"column":37},"end":{"line":32,"column":null}},"line":32},"6":{"name":"(anonymous_6)","decl":{"start":{"line":33,"column":16},"end":{"line":33,"column":21}},"loc":{"start":{"line":33,"column":38},"end":{"line":33,"column":null}},"line":33},"7":{"name":"(anonymous_7)","decl":{"start":{"line":34,"column":16},"end":{"line":34,"column":21}},"loc":{"start":{"line":34,"column":38},"end":{"line":34,"column":null}},"line":34},"8":{"name":"(anonymous_8)","decl":{"start":{"line":35,"column":16},"end":{"line":35,"column":21}},"loc":{"start":{"line":35,"column":38},"end":{"line":35,"column":null}},"line":35},"9":{"name":"(anonymous_9)","decl":{"start":{"line":36,"column":16},"end":{"line":36,"column":25}},"loc":{"start":{"line":36,"column":42},"end":{"line":36,"column":null}},"line":36},"10":{"name":"(anonymous_10)","decl":{"start":{"line":37,"column":16},"end":{"line":37,"column":23}},"loc":{"start":{"line":37,"column":40},"end":{"line":37,"column":null}},"line":37},"11":{"name":"(anonymous_11)","decl":{"start":{"line":38,"column":16},"end":{"line":38,"column":22}},"loc":{"start":{"line":38,"column":39},"end":{"line":38,"column":null}},"line":38},"12":{"name":"(anonymous_12)","decl":{"start":{"line":39,"column":16},"end":{"line":39,"column":20}},"loc":{"start":{"line":39,"column":43},"end":{"line":39,"column":null}},"line":39},"13":{"name":"(anonymous_13)","decl":{"start":{"line":40,"column":16},"end":{"line":40,"column":29}},"loc":{"start":{"line":40,"column":46},"end":{"line":40,"column":null}},"line":40}},"branchMap":{"0":{"loc":{"start":{"line":19,"column":50},"end":{"line":19,"column":68}},"type":"binary-expr","locations":[{"start":{"line":19,"column":50},"end":{"line":19,"column":59}},{"start":{"line":19,"column":59},"end":{"line":19,"column":68}}],"line":19}},"s":{"0":1,"1":9,"2":1,"3":21,"4":33,"5":0,"6":54,"7":15,"8":3,"9":36,"10":48,"11":18,"12":0,"13":6,"14":0},"f":{"0":9,"1":1,"2":21,"3":33,"4":0,"5":54,"6":15,"7":3,"8":36,"9":48,"10":18,"11":0,"12":6,"13":0},"b":{"0":[1,1]},"meta":{"lastBranch":1,"lastFunction":14,"lastStatement":15,"seen":{"s:17:13:48:Infinity":0,"f:17:13:17:52":0,"s:18:2:48:Infinity":1,"f:19:26:19:41":1,"s:19:50:19:68":2,"b:19:50:19:59:19:59:19:68":0,"f:29:16:29:21":2,"s:29:38:29:Infinity":3,"f:30:16:30:21":3,"s:30:38:30:Infinity":4,"f:31:16:31:21":4,"s:31:38:31:Infinity":5,"f:32:16:32:20":5,"s:32:37:32:Infinity":6,"f:33:16:33:21":6,"s:33:38:33:Infinity":7,"f:34:16:34:21":7,"s:34:38:34:Infinity":8,"f:35:16:35:21":8,"s:35:38:35:Infinity":9,"f:36:16:36:25":9,"s:36:42:36:Infinity":10,"f:37:16:37:23":10,"s:37:40:37:Infinity":11,"f:38:16:38:22":11,"s:38:39:38:Infinity":12,"f:39:16:39:20":12,"s:39:43:39:Infinity":13,"f:40:16:40:29":13,"s:40:46:40:Infinity":14},"fnNames":{}}}
,"/Users/kenwu/WebstormProjects/aura/.claude/worktrees/join-log/src/app/PhoneHudStack.tsx": {"path":"/Users/kenwu/WebstormProjects/aura/.claude/worktrees/join-log/src/app/PhoneHudStack.tsx","statementMap":{"0":{"start":{"line":41,"column":4},"end":{"line":47,"column":null}},"1":{"start":{"line":50,"column":2},"end":{"line":50,"column":null}},"2":{"start":{"line":50,"column":13},"end":{"line":50,"column":null}},"3":{"start":{"line":52,"column":2},"end":{"line":70,"column":null}},"4":{"start":{"line":76,"column":22},"end":{"line":76,"column":55}},"5":{"start":{"line":77,"column":18},"end":{"line":77,"column":47}},"6":{"start":{"line":81,"column":14},"end":{"line":81,"column":61}},"7":{"start":{"line":81,"column":24},"end":{"line":81,"column":61}},"8":{"start":{"line":82,"column":2},"end":{"line":87,"column":null}},"9":{"start":{"line":83,"column":10},"end":{"line":83,"column":54}},"10":{"start":{"line":83,"column":25},"end":{"line":83,"column":54}},"11":{"start":{"line":84,"column":4},"end":{"line":84,"column":null}},"12":{"start":{"line":85,"column":4},"end":{"line":85,"column":null}},"13":{"start":{"line":86,"column":4},"end":{"line":86,"column":null}},"14":{"start":{"line":86,"column":17},"end":{"line":86,"column":61}},"15":{"start":{"line":89,"column":2},"end":{"line":124,"column":null}},"16":{"start":{"line":108,"column":24},"end":{"line":108,"column":49}},"17":{"start":{"line":108,"column":46},"end":{"line":108,"column":49}},"18":{"start":{"line":119,"column":24},"end":{"line":119,"column":45}},"19":{"start":{"line":119,"column":42},"end":{"line":119,"column":45}}},"fnMap":{"0":{"name":"HudUnit","decl":{"start":{"line":23,"column":9},"end":{"line":23,"column":17}},"loc":{"start":{"line":39,"column":3},"end":{"line":70,"column":null}},"line":39},"1":{"name":"PhoneHudStack","decl":{"start":{"line":75,"column":16},"end":{"line":75,"column":30}},"loc":{"start":{"line":75,"column":95},"end":{"line":124,"column":null}},"line":75},"2":{"name":"(anonymous_2)","decl":{"start":{"line":81,"column":24},"end":{"line":81,"column":39}},"loc":{"start":{"line":81,"column":24},"end":{"line":81,"column":61}},"line":81},"3":{"name":"(anonymous_3)","decl":{"start":{"line":82,"column":2},"end":{"line":82,"column":18}},"loc":{"start":{"line":82,"column":18},"end":{"line":87,"column":7}},"line":82},"4":{"name":"(anonymous_4)","decl":{"start":{"line":83,"column":10},"end":{"line":83,"column":25}},"loc":{"start":{"line":83,"column":25},"end":{"line":83,"column":54}},"line":83},"5":{"name":"(anonymous_5)","decl":{"start":{"line":86,"column":4},"end":{"line":86,"column":17}},"loc":{"start":{"line":86,"column":17},"end":{"line":86,"column":61}},"line":86},"6":{"name":"(anonymous_6)","decl":{"start":{"line":108,"column":8},"end":{"line":108,"column":24}},"loc":{"start":{"line":108,"column":24},"end":{"line":108,"column":49}},"line":108},"7":{"name":"(anonymous_7)","decl":{"start":{"line":108,"column":24},"end":{"line":108,"column":40}},"loc":{"start":{"line":108,"column":46},"end":{"line":108,"column":49}},"line":108},"8":{"name":"(anonymous_8)","decl":{"start":{"line":119,"column":8},"end":{"line":119,"column":24}},"loc":{"start":{"line":119,"column":24},"end":{"line":119,"column":45}},"line":119},"9":{"name":"(anonymous_9)","decl":{"start":{"line":119,"column":24},"end":{"line":119,"column":36}},"loc":{"start":{"line":119,"column":42},"end":{"line":119,"column":45}},"line":119}},"branchMap":{"0":{"loc":{"start":{"line":50,"column":2},"end":{"line":50,"column":null}},"type":"if","locations":[{"start":{"line":50,"column":2},"end":{"line":50,"column":null}},{"start":{},"end":{}}],"line":50}},"s":{"0":22,"1":22,"2":16,"3":6,"4":14,"5":14,"6":14,"7":4,"8":14,"9":4,"10":4,"11":4,"12":4,"13":4,"14":4,"15":14,"16":4,"17":4,"18":3,"19":3},"f":{"0":22,"1":14,"2":4,"3":4,"4":4,"5":4,"6":4,"7":4,"8":3,"9":3},"b":{"0":[16,6]},"meta":{"lastBranch":1,"lastFunction":10,"lastStatement":20,"seen":{"f:23:9:23:17":0,"s:41:4:47:Infinity":0,"b:50:2:50:Infinity:undefined:undefined:undefined:undefined":0,"s:50:2:50:Infinity":1,"s:50:13:50:Infinity":2,"s:52:2:70:Infinity":3,"f:75:16:75:30":1,"s:76:22:76:55":4,"s:77:18:77:47":5,"s:81:14:81:61":6,"f:81:24:81:39":2,"s:81:24:81:61":7,"s:82:2:87:Infinity":8,"f:82:2:82:18":3,"s:83:10:83:54":9,"f:83:10:83:25":4,"s:83:25:83:54":10,"s:84:4:84:Infinity":11,"s:85:4:85:Infinity":12,"s:86:4:86:Infinity":13,"f:86:4:86:17":5,"s:86:17:86:61":14,"s:89:2:124:Infinity":15,"f:108:8:108:24":6,"s:108:24:108:49":16,"f:108:24:108:40":7,"s:108:46:108:49":17,"f:119:8:119:24":8,"s:119:24:119:45":18,"f:119:24:119:36":9,"s:119:42:119:45":19},"fnNames":{}}}
,"/Users/kenwu/WebstormProjects/aura/.claude/worktrees/join-log/src/app/Toolbar.tsx": {"path":"/Users/kenwu/WebstormProjects/aura/.claude/worktrees/join-log/src/app/Toolbar.tsx","statementMap":{"0":{"start":{"line":45,"column":20},"end":{"line":45,"column":null}},"1":{"start":{"line":46,"column":17},"end":{"line":46,"column":null}},"2":{"start":{"line":54,"column":24},"end":{"line":54,"column":57}},"3":{"start":{"line":55,"column":21},"end":{"line":55,"column":51}},"4":{"start":{"line":59,"column":26},"end":{"line":63,"column":null}},"5":{"start":{"line":60,"column":49},"end":{"line":60,"column":68}},"6":{"start":{"line":61,"column":55},"end":{"line":61,"column":91}},"7":{"start":{"line":62,"column":64},"end":{"line":62,"column":null}},"8":{"start":{"line":65,"column":2},"end":{"line":128,"column":null}},"9":{"start":{"line":69,"column":72},"end":{"line":69,"column":92}},"10":{"start":{"line":72,"column":58},"end":{"line":72,"column":83}},"11":{"start":{"line":74,"column":76},"end":{"line":74,"column":93}},"12":{"start":{"line":77,"column":52},"end":{"line":77,"column":74}},"13":{"start":{"line":81,"column":23},"end":{"line":81,"column":57}},"14":{"start":{"line":124,"column":12},"end":{"line":126,"column":null}}},"fnMap":{"0":{"name":"Toolbar","decl":{"start":{"line":53,"column":16},"end":{"line":53,"column":24}},"loc":{"start":{"line":53,"column":78},"end":{"line":128,"column":null}},"line":53},"1":{"name":"(anonymous_1)","decl":{"start":{"line":60,"column":33},"end":{"line":60,"column":49}},"loc":{"start":{"line":60,"column":49},"end":{"line":60,"column":68}},"line":60},"2":{"name":"(anonymous_2)","decl":{"start":{"line":61,"column":39},"end":{"line":61,"column":55}},"loc":{"start":{"line":61,"column":55},"end":{"line":61,"column":91}},"line":61},"3":{"name":"(anonymous_3)","decl":{"start":{"line":62,"column":48},"end":{"line":62,"column":64}},"loc":{"start":{"line":62,"column":64},"end":{"line":62,"column":null}},"line":62},"4":{"name":"(anonymous_4)","decl":{"start":{"line":69,"column":57},"end":{"line":69,"column":72}},"loc":{"start":{"line":69,"column":72},"end":{"line":69,"column":92}},"line":69},"5":{"name":"(anonymous_5)","decl":{"start":{"line":72,"column":43},"end":{"line":72,"column":58}},"loc":{"start":{"line":72,"column":58},"end":{"line":72,"column":83}},"line":72},"6":{"name":"(anonymous_6)","decl":{"start":{"line":74,"column":61},"end":{"line":74,"column":76}},"loc":{"start":{"line":74,"column":76},"end":{"line":74,"column":93}},"line":74},"7":{"name":"(anonymous_7)","decl":{"start":{"line":77,"column":37},"end":{"line":77,"column":52}},"loc":{"start":{"line":77,"column":52},"end":{"line":77,"column":74}},"line":77},"8":{"name":"(anonymous_8)","decl":{"start":{"line":81,"column":8},"end":{"line":81,"column":23}},"loc":{"start":{"line":81,"column":23},"end":{"line":81,"column":57}},"line":81},"9":{"name":"(anonymous_9)","decl":{"start":{"line":123,"column":27},"end":{"line":123,"column":32}},"loc":{"start":{"line":124,"column":12},"end":{"line":126,"column":null}},"line":124}},"branchMap":{},"s":{"0":1,"1":1,"2":9,"3":9,"4":9,"5":1,"6":1,"7":1,"8":9,"9":1,"10":0,"11":1,"12":1,"13":0,"14":27},"f":{"0":9,"1":1,"2":1,"3":1,"4":1,"5":0,"6":1,"7":1,"8":0,"9":27},"b":{},"meta":{"lastBranch":0,"lastFunction":10,"lastStatement":15,"seen":{"s:45:20:45:Infinity":0,"s:46:17:46:Infinity":1,"f:53:16:53:24":0,"s:54:24:54:57":2,"s:55:21:55:51":3,"s:59:26:63:Infinity":4,"f:60:33:60:49":1,"s:60:49:60:68":5,"f:61:39:61:55":2,"s:61:55:61:91":6,"f:62:48:62:64":3,"s:62:64:62:Infinity":7,"s:65:2:128:Infinity":8,"f:69:57:69:72":4,"s:69:72:69:92":9,"f:72:43:72:58":5,"s:72:58:72:83":10,"f:74:61:74:76":6,"s:74:76:74:93":11,"f:77:37:77:52":7,"s:77:52:77:74":12,"f:81:8:81:23":8,"s:81:23:81:57":13,"f:123:27:123:32":9,"s:124:12:126:Infinity":14},"fnNames":{}}}
,"/Users/kenwu/WebstormProjects/aura/.claude/worktrees/join-log/src/app/dragDropCoordinates.ts": {"path":"/Users/kenwu/WebstormProjects/aura/.claude/worktrees/join-log/src/app/dragDropCoordinates.ts","statementMap":{"0":{"start":{"line":17,"column":2},"end":{"line":17,"column":null}},"1":{"start":{"line":22,"column":16},"end":{"line":22,"column":null}},"2":{"start":{"line":23,"column":2},"end":{"line":23,"column":null}}},"fnMap":{"0":{"name":"coordinatesFromPointerEvent","decl":{"start":{"line":16,"column":16},"end":{"line":16,"column":44}},"loc":{"start":{"line":16,"column":116},"end":{"line":17,"column":null}},"line":16},"1":{"name":"coordinatesFromTouchMoveEvent","decl":{"start":{"line":21,"column":16},"end":{"line":21,"column":46}},"loc":{"start":{"line":21,"column":111},"end":{"line":23,"column":null}},"line":21}},"branchMap":{"0":{"loc":{"start":{"line":23,"column":9},"end":{"line":23,"column":null}},"type":"cond-expr","locations":[{"start":{"line":23,"column":17},"end":{"line":23,"column":58}},{"start":{"line":23,"column":58},"end":{"line":23,"column":null}}],"line":23}},"s":{"0":1,"1":2,"2":2},"f":{"0":1,"1":2},"b":{"0":[1,1]},"meta":{"lastBranch":1,"lastFunction":2,"lastStatement":3,"seen":{"f:16:16:16:44":0,"s:17:2:17:Infinity":0,"f:21:16:21:46":1,"s:22:16:22:Infinity":1,"s:23:2:23:Infinity":2,"b:23:17:23:58:23:58:23:Infinity":0},"fnNames":{}}}
,"/Users/kenwu/WebstormProjects/aura/.claude/worktrees/join-log/src/app/content/help.md": {"path":"/Users/kenwu/WebstormProjects/aura/.claude/worktrees/join-log/src/app/content/help.md","statementMap":{},"fnMap":{},"branchMap":{},"s":{},"f":{},"b":{},"meta":{"lastBranch":0,"lastFunction":0,"lastStatement":0,"seen":{},"fnNames":{}}}
,"/Users/kenwu/WebstormProjects/aura/.claude/worktrees/join-log/src/app/stores/confirmStore.ts": {"path":"/Users/kenwu/WebstormProjects/aura/.claude/worktrees/join-log/src/app/stores/confirmStore.ts","statementMap":{"0":{"start":{"line":31,"column":13},"end":{"line":35,"column":3}},"1":{"start":{"line":31,"column":62},"end":{"line":35,"column":3}},"2":{"start":{"line":33,"column":17},"end":{"line":33,"column":38}},"3":{"start":{"line":34,"column":17},"end":{"line":34,"column":null}}},"fnMap":{"0":{"name":"(anonymous_0)","decl":{"start":{"line":31,"column":31},"end":{"line":31,"column":53}},"loc":{"start":{"line":31,"column":62},"end":{"line":35,"column":3}},"line":31},"1":{"name":"(anonymous_1)","decl":{"start":{"line":33,"column":2},"end":{"line":33,"column":9}},"loc":{"start":{"line":33,"column":17},"end":{"line":33,"column":38}},"line":33},"2":{"name":"(anonymous_2)","decl":{"start":{"line":34,"column":2},"end":{"line":34,"column":17}},"loc":{"start":{"line":34,"column":17},"end":{"line":34,"column":null}},"line":34}},"branchMap":{},"s":{"0":53,"1":53,"2":2,"3":0},"f":{"0":53,"1":2,"2":0},"b":{},"meta":{"lastBranch":0,"lastFunction":3,"lastStatement":4,"seen":{"s:31:13:35:3":0,"f:31:31:31:53":0,"s:31:62:35:3":1,"f:33:2:33:9":1,"s:33:17:33:38":2,"f:34:2:34:17":2,"s:34:17:34:Infinity":3},"fnNames":{}}}
,"/Users/kenwu/WebstormProjects/aura/.claude/worktrees/join-log/src/app/stores/gameInstanceStore.ts": {"path":"/Users/kenwu/WebstormProjects/aura/.claude/worktrees/join-log/src/app/stores/gameInstanceStore.ts","statementMap":{"0":{"start":{"line":47,"column":13},"end":{"line":77,"column":3}},"1":{"start":{"line":47,"column":67},"end":{"line":77,"column":3}},"2":{"start":{"line":58,"column":21},"end":{"line":58,"column":34}},"3":{"start":{"line":59,"column":25},"end":{"line":59,"column":40}},"4":{"start":{"line":60,"column":29},"end":{"line":60,"column":46}},"5":{"start":{"line":61,"column":35},"end":{"line":61,"column":55}},"6":{"start":{"line":62,"column":37},"end":{"line":62,"column":58}},"7":{"start":{"line":63,"column":31},"end":{"line":63,"column":49}},"8":{"start":{"line":65,"column":35},"end":{"line":65,"column":68}},"9":{"start":{"line":68,"column":15},"end":{"line":76,"column":null}}},"fnMap":{"0":{"name":"(anonymous_0)","decl":{"start":{"line":47,"column":31},"end":{"line":47,"column":58}},"loc":{"start":{"line":47,"column":67},"end":{"line":77,"column":3}},"line":47},"1":{"name":"(anonymous_1)","decl":{"start":{"line":58,"column":2},"end":{"line":58,"column":12}},"loc":{"start":{"line":58,"column":21},"end":{"line":58,"column":34}},"line":58},"2":{"name":"(anonymous_2)","decl":{"start":{"line":59,"column":2},"end":{"line":59,"column":14}},"loc":{"start":{"line":59,"column":25},"end":{"line":59,"column":40}},"line":59},"3":{"name":"(anonymous_3)","decl":{"start":{"line":60,"column":2},"end":{"line":60,"column":16}},"loc":{"start":{"line":60,"column":29},"end":{"line":60,"column":46}},"line":60},"4":{"name":"(anonymous_4)","decl":{"start":{"line":61,"column":2},"end":{"line":61,"column":19}},"loc":{"start":{"line":61,"column":35},"end":{"line":61,"column":55}},"line":61},"5":{"name":"(anonymous_5)","decl":{"start":{"line":62,"column":2},"end":{"line":62,"column":20}},"loc":{"start":{"line":62,"column":37},"end":{"line":62,"column":58}},"line":62},"6":{"name":"(anonymous_6)","decl":{"start":{"line":63,"column":2},"end":{"line":63,"column":17}},"loc":{"start":{"line":63,"column":31},"end":{"line":63,"column":49}},"line":63},"7":{"name":"(anonymous_7)","decl":{"start":{"line":65,"column":2},"end":{"line":65,"column":28}},"loc":{"start":{"line":65,"column":35},"end":{"line":65,"column":68}},"line":65},"8":{"name":"(anonymous_8)","decl":{"start":{"line":68,"column":2},"end":{"line":68,"column":15}},"loc":{"start":{"line":68,"column":15},"end":{"line":76,"column":null}},"line":68}},"branchMap":{},"s":{"0":53,"1":53,"2":100,"3":100,"4":100,"5":0,"6":4,"7":0,"8":32,"9":554},"f":{"0":53,"1":100,"2":100,"3":100,"4":0,"5":4,"6":0,"7":32,"8":554},"b":{},"meta":{"lastBranch":0,"lastFunction":9,"lastStatement":10,"seen":{"s:47:13:77:3":0,"f:47:31:47:58":0,"s:47:67:77:3":1,"f:58:2:58:12":1,"s:58:21:58:34":2,"f:59:2:59:14":2,"s:59:25:59:40":3,"f:60:2:60:16":3,"s:60:29:60:46":4,"f:61:2:61:19":4,"s:61:35:61:55":5,"f:62:2:62:20":5,"s:62:37:62:58":6,"f:63:2:63:17":6,"s:63:31:63:49":7,"f:65:2:65:28":7,"s:65:35:65:68":8,"f:68:2:68:15":8,"s:68:15:76:Infinity":9},"fnNames":{}}}
,"/Users/kenwu/WebstormProjects/aura/.claude/worktrees/join-log/src/app/stores/hotkeyStore.ts": {"path":"/Users/kenwu/WebstormProjects/aura/.claude/worktrees/join-log/src/app/stores/hotkeyStore.ts","statementMap":{"0":{"start":{"line":48,"column":13},"end":{"line":76,"column":3}},"1":{"start":{"line":48,"column":60},"end":{"line":76,"column":3}},"2":{"start":{"line":54,"column":4},"end":{"line":54,"column":77}},"3":{"start":{"line":57,"column":4},"end":{"line":57,"column":70}},"4":{"start":{"line":60,"column":4},"end":{"line":60,"column":84}},"5":{"start":{"line":63,"column":4},"end":{"line":63,"column":73}},"6":{"start":{"line":66,"column":4},"end":{"line":69,"column":6}},"7":{"start":{"line":71,"column":28},"end":{"line":71,"column":56}},"8":{"start":{"line":73,"column":35},"end":{"line":73,"column":68}},"9":{"start":{"line":75,"column":15},"end":{"line":75,"column":null}}},"fnMap":{"0":{"name":"(anonymous_0)","decl":{"start":{"line":48,"column":30},"end":{"line":48,"column":51}},"loc":{"start":{"line":48,"column":60},"end":{"line":76,"column":3}},"line":48},"1":{"name":"(anonymous_1)","decl":{"start":{"line":53,"column":2},"end":{"line":53,"column":30}},"loc":{"start":{"line":54,"column":4},"end":{"line":54,"column":77}},"line":54},"2":{"name":"(anonymous_2)","decl":{"start":{"line":56,"column":2},"end":{"line":56,"column":23}},"loc":{"start":{"line":57,"column":4},"end":{"line":57,"column":70}},"line":57},"3":{"name":"(anonymous_3)","decl":{"start":{"line":59,"column":2},"end":{"line":59,"column":19}},"loc":{"start":{"line":60,"column":4},"end":{"line":60,"column":84}},"line":60},"4":{"name":"(anonymous_4)","decl":{"start":{"line":62,"column":2},"end":{"line":62,"column":20}},"loc":{"start":{"line":63,"column":4},"end":{"line":63,"column":73}},"line":63},"5":{"name":"(anonymous_5)","decl":{"start":{"line":65,"column":2},"end":{"line":65,"column":29}},"loc":{"start":{"line":66,"column":4},"end":{"line":69,"column":6}},"line":66},"6":{"name":"(anonymous_6)","decl":{"start":{"line":71,"column":2},"end":{"line":71,"column":17}},"loc":{"start":{"line":71,"column":28},"end":{"line":71,"column":56}},"line":71},"7":{"name":"(anonymous_7)","decl":{"start":{"line":73,"column":2},"end":{"line":73,"column":24}},"loc":{"start":{"line":73,"column":35},"end":{"line":73,"column":68}},"line":73},"8":{"name":"(anonymous_8)","decl":{"start":{"line":75,"column":2},"end":{"line":75,"column":15}},"loc":{"start":{"line":75,"column":15},"end":{"line":75,"column":null}},"line":75}},"branchMap":{"0":{"loc":{"start":{"line":54,"column":23},"end":{"line":54,"column":76}},"type":"cond-expr","locations":[{"start":{"line":54,"column":32},"end":{"line":54,"column":70}},{"start":{"line":54,"column":70},"end":{"line":54,"column":76}}],"line":54},"1":{"loc":{"start":{"line":57,"column":23},"end":{"line":57,"column":69}},"type":"cond-expr","locations":[{"start":{"line":57,"column":32},"end":{"line":57,"column":63}},{"start":{"line":57,"column":63},"end":{"line":57,"column":69}}],"line":57},"2":{"loc":{"start":{"line":60,"column":23},"end":{"line":60,"column":83}},"type":"cond-expr","locations":[{"start":{"line":60,"column":34},"end":{"line":60,"column":77}},{"start":{"line":60,"column":77},"end":{"line":60,"column":83}}],"line":60},"3":{"loc":{"start":{"line":63,"column":23},"end":{"line":63,"column":72}},"type":"cond-expr","locations":[{"start":{"line":63,"column":33},"end":{"line":63,"column":66}},{"start":{"line":63,"column":66},"end":{"line":63,"column":72}}],"line":63},"4":{"loc":{"start":{"line":68,"column":8},"end":{"line":68,"column":null}},"type":"cond-expr","locations":[{"start":{"line":68,"column":28},"end":{"line":68,"column":74}},{"start":{"line":68,"column":74},"end":{"line":68,"column":null}}],"line":68},"5":{"loc":{"start":{"line":68,"column":8},"end":{"line":68,"column":28}},"type":"binary-expr","locations":[{"start":{"line":68,"column":8},"end":{"line":68,"column":18}},{"start":{"line":68,"column":18},"end":{"line":68,"column":28}}],"line":68}},"s":{"0":53,"1":53,"2":2,"3":4,"4":2,"5":6,"6":0,"7":0,"8":1,"9":0},"f":{"0":53,"1":2,"2":4,"3":2,"4":6,"5":0,"6":0,"7":1,"8":0},"b":{"0":[1,1],"1":[3,1],"2":[2,0],"3":[4,2],"4":[0,0],"5":[0,0]},"meta":{"lastBranch":6,"lastFunction":9,"lastStatement":10,"seen":{"s:48:13:76:3":0,"f:48:30:48:51":0,"s:48:60:76:3":1,"f:53:2:53:30":1,"s:54:4:54:77":2,"b:54:32:54:70:54:70:54:76":0,"f:56:2:56:23":2,"s:57:4:57:70":3,"b:57:32:57:63:57:63:57:69":1,"f:59:2:59:19":3,"s:60:4:60:84":4,"b:60:34:60:77:60:77:60:83":2,"f:62:2:62:20":4,"s:63:4:63:73":5,"b:63:33:63:66:63:66:63:72":3,"f:65:2:65:29":5,"s:66:4:69:6":6,"b:68:28:68:74:68:74:68:Infinity":4,"b:68:8:68:18:68:18:68:28":5,"f:71:2:71:17":6,"s:71:28:71:56":7,"f:73:2:73:24":7,"s:73:35:73:68":8,"f:75:2:75:15":8,"s:75:15:75:Infinity":9},"fnNames":{}}}
,"/Users/kenwu/WebstormProjects/aura/.claude/worktrees/join-log/src/app/stores/playerStore.ts": {"path":"/Users/kenwu/WebstormProjects/aura/.claude/worktrees/join-log/src/app/stores/playerStore.ts","statementMap":{"0":{"start":{"line":19,"column":13},"end":{"line":22,"column":3}},"1":{"start":{"line":19,"column":60},"end":{"line":22,"column":3}},"2":{"start":{"line":21,"column":37},"end":{"line":21,"column":null}}},"fnMap":{"0":{"name":"(anonymous_0)","decl":{"start":{"line":19,"column":30},"end":{"line":19,"column":51}},"loc":{"start":{"line":19,"column":60},"end":{"line":22,"column":3}},"line":19},"1":{"name":"(anonymous_1)","decl":{"start":{"line":21,"column":2},"end":{"line":21,"column":20}},"loc":{"start":{"line":21,"column":37},"end":{"line":21,"column":null}},"line":21}},"branchMap":{},"s":{"0":53,"1":53,"2":59},"f":{"0":53,"1":59},"b":{},"meta":{"lastBranch":0,"lastFunction":2,"lastStatement":3,"seen":{"s:19:13:22:3":0,"f:19:30:19:51":0,"s:19:60:22:3":1,"f:21:2:21:20":1,"s:21:37:21:Infinity":2},"fnNames":{}}}
,"/Users/kenwu/WebstormProjects/aura/.claude/worktrees/join-log/src/app/stores/settingsModalStore.ts": {"path":"/Users/kenwu/WebstormProjects/aura/.claude/worktrees/join-log/src/app/stores/settingsModalStore.ts","statementMap":{"0":{"start":{"line":15,"column":13},"end":{"line":20,"column":3}},"1":{"start":{"line":15,"column":74},"end":{"line":20,"column":3}},"2":{"start":{"line":18,"column":23},"end":{"line":18,"column":73}},"3":{"start":{"line":19,"column":15},"end":{"line":19,"column":null}}},"fnMap":{"0":{"name":"(anonymous_0)","decl":{"start":{"line":15,"column":37},"end":{"line":15,"column":65}},"loc":{"start":{"line":15,"column":74},"end":{"line":20,"column":3}},"line":15},"1":{"name":"(anonymous_1)","decl":{"start":{"line":18,"column":2},"end":{"line":18,"column":9}},"loc":{"start":{"line":18,"column":23},"end":{"line":18,"column":73}},"line":18},"2":{"name":"(anonymous_2)","decl":{"start":{"line":19,"column":2},"end":{"line":19,"column":15}},"loc":{"start":{"line":19,"column":15},"end":{"line":19,"column":null}},"line":19}},"branchMap":{},"s":{"0":1,"1":1,"2":0,"3":0},"f":{"0":1,"1":0,"2":0},"b":{},"meta":{"lastBranch":0,"lastFunction":3,"lastStatement":4,"seen":{"s:15:13:20:3":0,"f:15:37:15:65":0,"s:15:74:20:3":1,"f:18:2:18:9":1,"s:18:23:18:73":2,"f:19:2:19:15":2,"s:19:15:19:Infinity":3},"fnNames":{}}}
,"/Users/kenwu/WebstormProjects/aura/.claude/worktrees/join-log/src/app/stores/settingsStore.ts": {"path":"/Users/kenwu/WebstormProjects/aura/.claude/worktrees/join-log/src/app/stores/settingsStore.ts","statementMap":{"0":{"start":{"line":28,"column":29},"end":{"line":28,"column":null}},"1":{"start":{"line":29,"column":29},"end":{"line":29,"column":null}},"2":{"start":{"line":30,"column":32},"end":{"line":30,"column":null}},"3":{"start":{"line":31,"column":32},"end":{"line":31,"column":null}},"4":{"start":{"line":35,"column":25},"end":{"line":35,"column":null}},"5":{"start":{"line":38,"column":2},"end":{"line":38,"column":null}},"6":{"start":{"line":41,"column":2},"end":{"line":41,"column":null}},"7":{"start":{"line":46,"column":14},"end":{"line":46,"column":39}},"8":{"start":{"line":47,"column":2},"end":{"line":47,"column":null}},"9":{"start":{"line":47,"column":20},"end":{"line":47,"column":null}},"10":{"start":{"line":48,"column":12},"end":{"line":48,"column":27}},"11":{"start":{"line":49,"column":2},"end":{"line":49,"column":null}},"12":{"start":{"line":80,"column":13},"end":{"line":123,"column":null}},"13":{"start":{"line":82,"column":14},"end":{"line":99,"column":null}},"14":{"start":{"line":86,"column":29},"end":{"line":86,"column":67}},"15":{"start":{"line":87,"column":32},"end":{"line":87,"column":76}},"16":{"start":{"line":89,"column":41},"end":{"line":89,"column":76}},"17":{"start":{"line":92,"column":8},"end":{"line":92,"column":77}},"18":{"start":{"line":92,"column":20},"end":{"line":92,"column":75}},"19":{"start":{"line":94,"column":35},"end":{"line":94,"column":64}},"20":{"start":{"line":96,"column":42},"end":{"line":96,"column":78}},"21":{"start":{"line":98,"column":57},"end":{"line":98,"column":null}},"22":{"start":{"line":107,"column":22},"end":{"line":107,"column":null}},"23":{"start":{"line":108,"column":8},"end":{"line":109,"column":null}},"24":{"start":{"line":109,"column":10},"end":{"line":109,"column":null}},"25":{"start":{"line":111,"column":8},"end":{"line":111,"column":null}},"26":{"start":{"line":115,"column":30},"end":{"line":121,"column":null}},"27":{"start":{"line":133,"column":2},"end":{"line":136,"column":null}},"28":{"start":{"line":134,"column":18},"end":{"line":134,"column":45}},"29":{"start":{"line":135,"column":19},"end":{"line":135,"column":null}},"30":{"start":{"line":136,"column":4},"end":{"line":136,"column":null}},"31":{"start":{"line":136,"column":16},"end":{"line":136,"column":null}},"32":{"start":{"line":138,"column":2},"end":{"line":138,"column":null}}},"fnMap":{"0":{"name":"clampHandZoom","decl":{"start":{"line":37,"column":9},"end":{"line":37,"column":23}},"loc":{"start":{"line":37,"column":42},"end":{"line":38,"column":null}},"line":37},"1":{"name":"clampPreviewZoom","decl":{"start":{"line":40,"column":9},"end":{"line":40,"column":26}},"loc":{"start":{"line":40,"column":45},"end":{"line":41,"column":null}},"line":40},"2":{"name":"legacyFloat","decl":{"start":{"line":45,"column":9},"end":{"line":45,"column":21}},"loc":{"start":{"line":45,"column":60},"end":{"line":49,"column":null}},"line":45},"3":{"name":"(anonymous_3)","decl":{"start":{"line":81,"column":2},"end":{"line":81,"column":null}},"loc":{"start":{"line":82,"column":14},"end":{"line":99,"column":null}},"line":82},"4":{"name":"(anonymous_4)","decl":{"start":{"line":86,"column":6},"end":{"line":86,"column":20}},"loc":{"start":{"line":86,"column":29},"end":{"line":86,"column":67}},"line":86},"5":{"name":"(anonymous_5)","decl":{"start":{"line":87,"column":6},"end":{"line":87,"column":23}},"loc":{"start":{"line":87,"column":32},"end":{"line":87,"column":76}},"line":87},"6":{"name":"(anonymous_6)","decl":{"start":{"line":89,"column":6},"end":{"line":89,"column":29}},"loc":{"start":{"line":89,"column":41},"end":{"line":89,"column":76}},"line":89},"7":{"name":"(anonymous_7)","decl":{"start":{"line":91,"column":6},"end":{"line":91,"column":25}},"loc":{"start":{"line":92,"column":8},"end":{"line":92,"column":77}},"line":92},"8":{"name":"(anonymous_8)","decl":{"start":{"line":92,"column":8},"end":{"line":92,"column":13}},"loc":{"start":{"line":92,"column":20},"end":{"line":92,"column":75}},"line":92},"9":{"name":"(anonymous_9)","decl":{"start":{"line":94,"column":6},"end":{"line":94,"column":25}},"loc":{"start":{"line":94,"column":35},"end":{"line":94,"column":64}},"line":94},"10":{"name":"(anonymous_10)","decl":{"start":{"line":96,"column":6},"end":{"line":96,"column":28}},"loc":{"start":{"line":96,"column":42},"end":{"line":96,"column":78}},"line":96},"11":{"name":"(anonymous_11)","decl":{"start":{"line":98,"column":6},"end":{"line":98,"column":43}},"loc":{"start":{"line":98,"column":57},"end":{"line":98,"column":null}},"line":98},"12":{"name":"(anonymous_12)","decl":{"start":{"line":106,"column":6},"end":{"line":106,"column":16}},"loc":{"start":{"line":106,"column":59},"end":{"line":111,"column":null}},"line":106},"13":{"name":"(anonymous_13)","decl":{"start":{"line":115,"column":6},"end":{"line":115,"column":19}},"loc":{"start":{"line":115,"column":30},"end":{"line":121,"column":null}},"line":115},"14":{"name":"getEffectiveNetworkTransport","decl":{"start":{"line":132,"column":22},"end":{"line":132,"column":80}},"loc":{"start":{"line":132,"column":80},"end":{"line":138,"column":null}},"line":132}},"branchMap":{"0":{"loc":{"start":{"line":47,"column":2},"end":{"line":47,"column":null}},"type":"if","locations":[{"start":{"line":47,"column":2},"end":{"line":47,"column":null}},{"start":{},"end":{}}],"line":47},"1":{"loc":{"start":{"line":49,"column":9},"end":{"line":49,"column":null}},"type":"cond-expr","locations":[{"start":{"line":49,"column":20},"end":{"line":49,"column":31}},{"start":{"line":49,"column":31},"end":{"line":49,"column":null}}],"line":49},"2":{"loc":{"start":{"line":108,"column":8},"end":{"line":109,"column":null}},"type":"if","locations":[{"start":{"line":108,"column":8},"end":{"line":109,"column":null}},{"start":{},"end":{}}],"line":108},"3":{"loc":{"start":{"line":133,"column":2},"end":{"line":136,"column":null}},"type":"if","locations":[{"start":{"line":133,"column":2},"end":{"line":136,"column":null}},{"start":{},"end":{}}],"line":133},"4":{"loc":{"start":{"line":135,"column":19},"end":{"line":135,"column":null}},"type":"binary-expr","locations":[{"start":{"line":135,"column":19},"end":{"line":135,"column":60}},{"start":{"line":135,"column":60},"end":{"line":135,"column":null}}],"line":135},"5":{"loc":{"start":{"line":136,"column":4},"end":{"line":136,"column":null}},"type":"if","locations":[{"start":{"line":136,"column":4},"end":{"line":136,"column":null}},{"start":{},"end":{}}],"line":136}},"s":{"0":58,"1":58,"2":58,"3":58,"4":58,"5":62,"6":62,"7":116,"8":116,"9":113,"10":3,"11":3,"12":58,"13":58,"14":4,"15":4,"16":3,"17":7,"18":7,"19":4,"20":0,"21":0,"22":1,"23":1,"24":1,"25":0,"26":593,"27":0,"28":0,"29":0,"30":0,"31":0,"32":0},"f":{"0":62,"1":62,"2":116,"3":58,"4":4,"5":4,"6":3,"7":7,"8":7,"9":4,"10":0,"11":0,"12":1,"13":593,"14":0},"b":{"0":[113,3],"1":[0,3],"2":[1,0],"3":[0,0],"4":[0,0],"5":[0,0]},"meta":{"lastBranch":6,"lastFunction":15,"lastStatement":33,"seen":{"s:28:29:28:Infinity":0,"s:29:29:29:Infinity":1,"s:30:32:30:Infinity":2,"s:31:32:31:Infinity":3,"s:35:25:35:Infinity":4,"f:37:9:37:23":0,"s:38:2:38:Infinity":5,"f:40:9:40:26":1,"s:41:2:41:Infinity":6,"f:45:9:45:21":2,"s:46:14:46:39":7,"b:47:2:47:Infinity:undefined:undefined:undefined:undefined":0,"s:47:2:47:Infinity":8,"s:47:20:47:Infinity":9,"s:48:12:48:27":10,"s:49:2:49:Infinity":11,"b:49:20:49:31:49:31:49:Infinity":1,"s:80:13:123:Infinity":12,"f:81:2:81:Infinity":3,"s:82:14:99:Infinity":13,"f:86:6:86:20":4,"s:86:29:86:67":14,"f:87:6:87:23":5,"s:87:32:87:76":15,"f:89:6:89:29":6,"s:89:41:89:76":16,"f:91:6:91:25":7,"s:92:8:92:77":17,"f:92:8:92:13":8,"s:92:20:92:75":18,"f:94:6:94:25":9,"s:94:35:94:64":19,"f:96:6:96:28":10,"s:96:42:96:78":20,"f:98:6:98:43":11,"s:98:57:98:Infinity":21,"f:106:6:106:16":12,"s:107:22:107:Infinity":22,"b:108:8:109:Infinity:undefined:undefined:undefined:undefined":2,"s:108:8:109:Infinity":23,"s:109:10:109:Infinity":24,"s:111:8:111:Infinity":25,"f:115:6:115:19":13,"s:115:30:121:Infinity":26,"f:132:22:132:80":14,"b:133:2:136:Infinity:undefined:undefined:undefined:undefined":3,"s:133:2:136:Infinity":27,"s:134:18:134:45":28,"s:135:19:135:Infinity":29,"b:135:19:135:60:135:60:135:Infinity":4,"b:136:4:136:Infinity:undefined:undefined:undefined:undefined":5,"s:136:4:136:Infinity":30,"s:136:16:136:Infinity":31,"s:138:2:138:Infinity":32},"fnNames":{}}}
,"/Users/kenwu/WebstormProjects/aura/.claude/worktrees/join-log/src/features/action-log/ActionLogPanel.tsx": {"path":"/Users/kenwu/WebstormProjects/aura/.claude/worktrees/join-log/src/features/action-log/ActionLogPanel.tsx","statementMap":{"0":{"start":{"line":30,"column":2},"end":{"line":30,"column":null}},"1":{"start":{"line":40,"column":8},"end":{"line":40,"column":36}},"2":{"start":{"line":41,"column":8},"end":{"line":41,"column":48}},"3":{"start":{"line":44,"column":2},"end":{"line":46,"column":null}},"4":{"start":{"line":45,"column":4},"end":{"line":45,"column":null}},"5":{"start":{"line":48,"column":2},"end":{"line":108,"column":null}},"6":{"start":{"line":64,"column":20},"end":{"line":64,"column":65}},"7":{"start":{"line":65,"column":30},"end":{"line":65,"column":null}},"8":{"start":{"line":66,"column":14},"end":{"line":94,"column":null}},"9":{"start":{"line":113,"column":17},"end":{"line":113,"column":44}},"10":{"start":{"line":115,"column":2},"end":{"line":166,"column":null}},"11":{"start":{"line":125,"column":8},"end":{"line":161,"column":null}},"12":{"start":{"line":146,"column":27},"end":{"line":146,"column":47}},"13":{"start":{"line":146,"column":44},"end":{"line":146,"column":47}},"14":{"start":{"line":148,"column":34},"end":{"line":148,"column":53}}},"fnMap":{"0":{"name":"formatTime","decl":{"start":{"line":29,"column":9},"end":{"line":29,"column":20}},"loc":{"start":{"line":29,"column":40},"end":{"line":30,"column":null}},"line":29},"1":{"name":"ActionLogBody","decl":{"start":{"line":39,"column":16},"end":{"line":39,"column":30}},"loc":{"start":{"line":39,"column":76},"end":{"line":108,"column":null}},"line":39},"2":{"name":"(anonymous_2)","decl":{"start":{"line":44,"column":2},"end":{"line":44,"column":18}},"loc":{"start":{"line":44,"column":18},"end":{"line":46,"column":6}},"line":44},"3":{"name":"(anonymous_3)","decl":{"start":{"line":63,"column":20},"end":{"line":63,"column":25}},"loc":{"start":{"line":63,"column":35},"end":{"line":96,"column":null}},"line":63},"4":{"name":"ActionLogPanel","decl":{"start":{"line":112,"column":16},"end":{"line":112,"column":31}},"loc":{"start":{"line":112,"column":77},"end":{"line":166,"column":null}},"line":112},"5":{"name":"(anonymous_5)","decl":{"start":{"line":123,"column":6},"end":{"line":123,"column":21}},"loc":{"start":{"line":125,"column":8},"end":{"line":161,"column":null}},"line":125},"6":{"name":"(anonymous_6)","decl":{"start":{"line":146,"column":12},"end":{"line":146,"column":27}},"loc":{"start":{"line":146,"column":27},"end":{"line":146,"column":47}},"line":146},"7":{"name":"(anonymous_7)","decl":{"start":{"line":146,"column":27},"end":{"line":146,"column":38}},"loc":{"start":{"line":146,"column":44},"end":{"line":146,"column":47}},"line":146},"8":{"name":"(anonymous_8)","decl":{"start":{"line":148,"column":12},"end":{"line":148,"column":28}},"loc":{"start":{"line":148,"column":34},"end":{"line":148,"column":53}},"line":148}},"branchMap":{"0":{"loc":{"start":{"line":52,"column":11},"end":{"line":96,"column":null}},"type":"cond-expr","locations":[{"start":{"line":53,"column":12},"end":{"line":63,"column":20}},{"start":{"line":63,"column":12},"end":{"line":96,"column":null}}],"line":52},"1":{"loc":{"start":{"line":78,"column":27},"end":{"line":78,"column":null}},"type":"cond-expr","locations":[{"start":{"line":78,"column":37},"end":{"line":78,"column":63}},{"start":{"line":78,"column":63},"end":{"line":78,"column":null}}],"line":78},"2":{"loc":{"start":{"line":83,"column":40},"end":{"line":83,"column":77}},"type":"binary-expr","locations":[{"start":{"line":83,"column":40},"end":{"line":83,"column":54}},{"start":{"line":83,"column":54},"end":{"line":83,"column":77}}],"line":83},"3":{"loc":{"start":{"line":132,"column":26},"end":{"line":132,"column":null}},"type":"cond-expr","locations":[{"start":{"line":132,"column":35},"end":{"line":132,"column":72}},{"start":{"line":132,"column":72},"end":{"line":132,"column":null}}],"line":132},"4":{"loc":{"start":{"line":149,"column":24},"end":{"line":149,"column":null}},"type":"cond-expr","locations":[{"start":{"line":149,"column":33},"end":{"line":149,"column":57}},{"start":{"line":149,"column":57},"end":{"line":149,"column":null}}],"line":149},"5":{"loc":{"start":{"line":160,"column":13},"end":{"line":160,"column":null}},"type":"cond-expr","locations":[{"start":{"line":160,"column":22},"end":{"line":160,"column":49}},{"start":{"line":160,"column":48},"end":{"line":160,"column":null}}],"line":160},"6":{"loc":{"start":{"line":165,"column":7},"end":{"line":165,"column":null}},"type":"binary-expr","locations":[{"start":{"line":165,"column":7},"end":{"line":165,"column":17}},{"start":{"line":165,"column":17},"end":{"line":165,"column":null}}],"line":165}},"s":{"0":16,"1":18,"2":18,"3":18,"4":9,"5":18,"6":16,"7":16,"8":16,"9":7,"10":7,"11":12,"12":2,"13":2,"14":2},"f":{"0":16,"1":18,"2":9,"3":16,"4":7,"5":12,"6":2,"7":2,"8":2},"b":{"0":[4,14],"1":[14,2],"2":[16,11],"3":[11,1],"4":[11,1],"5":[11,1],"6":[7,6]},"meta":{"lastBranch":7,"lastFunction":9,"lastStatement":15,"seen":{"f:29:9:29:20":0,"s:30:2:30:Infinity":0,"f:39:16:39:30":1,"s:40:8:40:36":1,"s:41:8:41:48":2,"s:44:2:46:Infinity":3,"f:44:2:44:18":2,"s:45:4:45:Infinity":4,"s:48:2:108:Infinity":5,"b:53:12:63:20:63:12:96:Infinity":0,"f:63:20:63:25":3,"s:64:20:64:65":6,"s:65:30:65:Infinity":7,"s:66:14:94:Infinity":8,"b:78:37:78:63:78:63:78:Infinity":1,"b:83:40:83:54:83:54:83:77":2,"f:112:16:112:31":4,"s:113:17:113:44":9,"s:115:2:166:Infinity":10,"f:123:6:123:21":5,"s:125:8:161:Infinity":11,"b:132:35:132:72:132:72:132:Infinity":3,"f:146:12:146:27":6,"s:146:27:146:47":12,"f:146:27:146:38":7,"s:146:44:146:47":13,"f:148:12:148:28":8,"s:148:34:148:53":14,"b:149:33:149:57:149:57:149:Infinity":4,"b:160:22:160:49:160:48:160:Infinity":5,"b:165:7:165:17:165:17:165:Infinity":6},"fnNames":{}}}
,"/Users/kenwu/WebstormProjects/aura/.claude/worktrees/join-log/src/features/action-log/actionLog.ts": {"path":"/Users/kenwu/WebstormProjects/aura/.claude/worktrees/join-log/src/features/action-log/actionLog.ts","statementMap":{"0":{"start":{"line":15,"column":2},"end":{"line":15,"column":null}},"1":{"start":{"line":25,"column":2},"end":{"line":25,"column":null}},"2":{"start":{"line":34,"column":2},"end":{"line":34,"column":null}},"3":{"start":{"line":41,"column":14},"end":{"line":41,"column":32}},"4":{"start":{"line":42,"column":31},"end":{"line":46,"column":null}},"5":{"start":{"line":47,"column":2},"end":{"line":52,"column":null}},"6":{"start":{"line":48,"column":4},"end":{"line":48,"column":null}},"7":{"start":{"line":49,"column":4},"end":{"line":50,"column":null}},"8":{"start":{"line":50,"column":6},"end":{"line":50,"column":null}}},"fnMap":{"0":{"name":"getActionLog","decl":{"start":{"line":14,"column":16},"end":{"line":14,"column":29}},"loc":{"start":{"line":14,"column":67},"end":{"line":15,"column":null}},"line":14},"1":{"name":"generateEntryId","decl":{"start":{"line":24,"column":9},"end":{"line":24,"column":35}},"loc":{"start":{"line":24,"column":35},"end":{"line":25,"column":null}},"line":24},"2":{"name":"cardLogName","decl":{"start":{"line":33,"column":16},"end":{"line":33,"column":28}},"loc":{"start":{"line":33,"column":82},"end":{"line":34,"column":null}},"line":33},"3":{"name":"logAction","decl":{"start":{"line":37,"column":16},"end":{"line":37,"column":null}},"loc":{"start":{"line":40,"column":8},"end":{"line":52,"column":null}},"line":40},"4":{"name":"(anonymous_4)","decl":{"start":{"line":47,"column":7},"end":{"line":47,"column":22}},"loc":{"start":{"line":47,"column":22},"end":{"line":52,"column":null}},"line":47}},"branchMap":{"0":{"loc":{"start":{"line":34,"column":9},"end":{"line":34,"column":null}},"type":"cond-expr","locations":[{"start":{"line":34,"column":26},"end":{"line":34,"column":48}},{"start":{"line":34,"column":48},"end":{"line":34,"column":null}}],"line":34},"1":{"loc":{"start":{"line":34,"column":48},"end":{"line":34,"column":null}},"type":"binary-expr","locations":[{"start":{"line":34,"column":48},"end":{"line":34,"column":61}},{"start":{"line":34,"column":61},"end":{"line":34,"column":null}}],"line":34},"2":{"loc":{"start":{"line":49,"column":4},"end":{"line":50,"column":null}},"type":"if","locations":[{"start":{"line":49,"column":4},"end":{"line":50,"column":null}},{"start":{},"end":{}}],"line":49}},"s":{"0":1017,"1":947,"2":32,"3":947,"4":947,"5":947,"6":947,"7":947,"8":1},"f":{"0":1017,"1":947,"2":32,"3":947,"4":947},"b":{"0":[0,32],"1":[32,2],"2":[1,946]},"meta":{"lastBranch":3,"lastFunction":5,"lastStatement":9,"seen":{"f:14:16:14:29":0,"s:15:2:15:Infinity":0,"f:24:9:24:35":1,"s:25:2:25:Infinity":1,"f:33:16:33:28":2,"s:34:2:34:Infinity":2,"b:34:26:34:48:34:48:34:Infinity":0,"b:34:48:34:61:34:61:34:Infinity":1,"f:37:16:37:Infinity":3,"s:41:14:41:32":3,"s:42:31:46:Infinity":4,"s:47:2:52:Infinity":5,"f:47:7:47:22":4,"s:48:4:48:Infinity":6,"b:49:4:50:Infinity:undefined:undefined:undefined:undefined":2,"s:49:4:50:Infinity":7,"s:50:6:50:Infinity":8},"fnNames":{}}}
,"/Users/kenwu/WebstormProjects/aura/.claude/worktrees/join-log/src/features/action-log/useActionLog.ts": {"path":"/Users/kenwu/WebstormProjects/aura/.claude/worktrees/join-log/src/features/action-log/useActionLog.ts","statementMap":{"0":{"start":{"line":15,"column":18},"end":{"line":16,"column":null}},"1":{"start":{"line":16,"column":11},"end":{"line":16,"column":51}},"2":{"start":{"line":19,"column":2},"end":{"line":26,"column":null}},"3":{"start":{"line":20,"column":4},"end":{"line":20,"column":null}},"4":{"start":{"line":20,"column":15},"end":{"line":20,"column":null}},"5":{"start":{"line":21,"column":10},"end":{"line":21,"column":34}},"6":{"start":{"line":22,"column":10},"end":{"line":22,"column":48}},"7":{"start":{"line":22,"column":23},"end":{"line":22,"column":48}},"8":{"start":{"line":23,"column":4},"end":{"line":23,"column":null}},"9":{"start":{"line":24,"column":4},"end":{"line":24,"column":null}},"10":{"start":{"line":25,"column":4},"end":{"line":25,"column":null}},"11":{"start":{"line":25,"column":17},"end":{"line":25,"column":36}},"12":{"start":{"line":28,"column":2},"end":{"line":28,"column":null}}},"fnMap":{"0":{"name":"useActionLog","decl":{"start":{"line":14,"column":16},"end":{"line":14,"column":29}},"loc":{"start":{"line":14,"column":67},"end":{"line":28,"column":null}},"line":14},"1":{"name":"(anonymous_1)","decl":{"start":{"line":15,"column":32},"end":{"line":15,"column":null}},"loc":{"start":{"line":16,"column":11},"end":{"line":16,"column":51}},"line":16},"2":{"name":"(anonymous_2)","decl":{"start":{"line":19,"column":2},"end":{"line":19,"column":18}},"loc":{"start":{"line":19,"column":18},"end":{"line":26,"column":6}},"line":19},"3":{"name":"(anonymous_3)","decl":{"start":{"line":22,"column":10},"end":{"line":22,"column":23}},"loc":{"start":{"line":22,"column":23},"end":{"line":22,"column":48}},"line":22},"4":{"name":"(anonymous_4)","decl":{"start":{"line":25,"column":4},"end":{"line":25,"column":17}},"loc":{"start":{"line":25,"column":17},"end":{"line":25,"column":36}},"line":25}},"branchMap":{"0":{"loc":{"start":{"line":16,"column":11},"end":{"line":16,"column":51}},"type":"cond-expr","locations":[{"start":{"line":16,"column":11},"end":{"line":16,"column":46}},{"start":{"line":16,"column":49},"end":{"line":16,"column":51}}],"line":16},"1":{"loc":{"start":{"line":20,"column":4},"end":{"line":20,"column":null}},"type":"if","locations":[{"start":{"line":20,"column":4},"end":{"line":20,"column":null}},{"start":{},"end":{}}],"line":20}},"s":{"0":18,"1":8,"2":18,"3":8,"4":0,"5":8,"6":8,"7":9,"8":8,"9":8,"10":8,"11":8,"12":18},"f":{"0":18,"1":8,"2":8,"3":9,"4":8},"b":{"0":[8,0],"1":[0,8]},"meta":{"lastBranch":2,"lastFunction":5,"lastStatement":13,"seen":{"f:14:16:14:29":0,"s:15:18:16:Infinity":0,"f:15:32:15:Infinity":1,"s:16:11:16:51":1,"b:16:11:16:46:16:49:16:51":0,"s:19:2:26:Infinity":2,"f:19:2:19:18":2,"b:20:4:20:Infinity:undefined:undefined:undefined:undefined":1,"s:20:4:20:Infinity":3,"s:20:15:20:Infinity":4,"s:21:10:21:34":5,"s:22:10:22:48":6,"f:22:10:22:23":3,"s:22:23:22:48":7,"s:23:4:23:Infinity":8,"s:24:4:24:Infinity":9,"s:25:4:25:Infinity":10,"f:25:4:25:17":4,"s:25:17:25:36":11,"s:28:2:28:Infinity":12},"fnNames":{}}}
,"/Users/kenwu/WebstormProjects/aura/.claude/worktrees/join-log/src/features/battlefield/battlefieldActions.ts": {"path":"/Users/kenwu/WebstormProjects/aura/.claude/worktrees/join-log/src/features/battlefield/battlefieldActions.ts","statementMap":{"0":{"start":{"line":33,"column":51},"end":{"line":33,"column":null}},"1":{"start":{"line":34,"column":16},"end":{"line":34,"column":null}},"2":{"start":{"line":35,"column":16},"end":{"line":35,"column":null}},"3":{"start":{"line":37,"column":17},"end":{"line":37,"column":65}},"4":{"start":{"line":38,"column":18},"end":{"line":38,"column":64}},"5":{"start":{"line":39,"column":8},"end":{"line":39,"column":44}},"6":{"start":{"line":40,"column":2},"end":{"line":40,"column":null}},"7":{"start":{"line":41,"column":2},"end":{"line":41,"column":null}},"8":{"start":{"line":43,"column":2},"end":{"line":47,"column":null}},"9":{"start":{"line":49,"column":2},"end":{"line":63,"column":null}},"10":{"start":{"line":50,"column":19},"end":{"line":50,"column":98}},"11":{"start":{"line":53,"column":4},"end":{"line":60,"column":null}},"12":{"start":{"line":54,"column":6},"end":{"line":56,"column":null}},"13":{"start":{"line":55,"column":8},"end":{"line":55,"column":null}},"14":{"start":{"line":58,"column":6},"end":{"line":60,"column":null}},"15":{"start":{"line":59,"column":8},"end":{"line":59,"column":null}},"16":{"start":{"line":62,"column":4},"end":{"line":63,"column":null}},"17":{"start":{"line":63,"column":6},"end":{"line":63,"column":null}},"18":{"start":{"line":73,"column":37},"end":{"line":73,"column":63}},"19":{"start":{"line":74,"column":2},"end":{"line":74,"column":null}},"20":{"start":{"line":74,"column":37},"end":{"line":74,"column":null}},"21":{"start":{"line":75,"column":2},"end":{"line":75,"column":null}},"22":{"start":{"line":76,"column":2},"end":{"line":76,"column":null}},"23":{"start":{"line":80,"column":37},"end":{"line":80,"column":63}},"24":{"start":{"line":81,"column":2},"end":{"line":81,"column":null}},"25":{"start":{"line":81,"column":37},"end":{"line":81,"column":null}},"26":{"start":{"line":82,"column":2},"end":{"line":82,"column":null}},"27":{"start":{"line":83,"column":2},"end":{"line":83,"column":null}},"28":{"start":{"line":87,"column":37},"end":{"line":87,"column":63}},"29":{"start":{"line":88,"column":2},"end":{"line":88,"column":null}},"30":{"start":{"line":88,"column":37},"end":{"line":88,"column":null}},"31":{"start":{"line":89,"column":2},"end":{"line":89,"column":null}},"32":{"start":{"line":90,"column":2},"end":{"line":90,"column":null}},"33":{"start":{"line":94,"column":50},"end":{"line":94,"column":76}},"34":{"start":{"line":95,"column":2},"end":{"line":95,"column":null}},"35":{"start":{"line":95,"column":37},"end":{"line":95,"column":null}},"36":{"start":{"line":96,"column":2},"end":{"line":96,"column":null}},"37":{"start":{"line":97,"column":2},"end":{"line":98,"column":null}},"38":{"start":{"line":98,"column":4},"end":{"line":98,"column":null}},"39":{"start":{"line":100,"column":2},"end":{"line":100,"column":null}},"40":{"start":{"line":104,"column":50},"end":{"line":104,"column":76}},"41":{"start":{"line":105,"column":2},"end":{"line":105,"column":null}},"42":{"start":{"line":105,"column":37},"end":{"line":105,"column":null}},"43":{"start":{"line":106,"column":2},"end":{"line":106,"column":null}},"44":{"start":{"line":107,"column":2},"end":{"line":108,"column":null}},"45":{"start":{"line":108,"column":4},"end":{"line":108,"column":null}},"46":{"start":{"line":110,"column":2},"end":{"line":110,"column":null}},"47":{"start":{"line":121,"column":37},"end":{"line":121,"column":63}},"48":{"start":{"line":122,"column":2},"end":{"line":122,"column":null}},"49":{"start":{"line":122,"column":37},"end":{"line":122,"column":null}},"50":{"start":{"line":123,"column":17},"end":{"line":123,"column":65}},"51":{"start":{"line":124,"column":18},"end":{"line":124,"column":64}},"52":{"start":{"line":125,"column":15},"end":{"line":125,"column":33}},"53":{"start":{"line":126,"column":2},"end":{"line":126,"column":null}},"54":{"start":{"line":126,"column":42},"end":{"line":126,"column":null}},"55":{"start":{"line":128,"column":2},"end":{"line":128,"column":null}},"56":{"start":{"line":129,"column":2},"end":{"line":129,"column":null}},"57":{"start":{"line":131,"column":2},"end":{"line":135,"column":null}},"58":{"start":{"line":132,"column":17},"end":{"line":132,"column":39}},"59":{"start":{"line":132,"column":39},"end":{"line":132,"column":null}},"60":{"start":{"line":133,"column":20},"end":{"line":133,"column":45}},"61":{"start":{"line":133,"column":45},"end":{"line":133,"column":null}},"62":{"start":{"line":134,"column":18},"end":{"line":134,"column":41}},"63":{"start":{"line":134,"column":41},"end":{"line":134,"column":null}},"64":{"start":{"line":135,"column":17},"end":{"line":135,"column":42}},"65":{"start":{"line":135,"column":42},"end":{"line":135,"column":null}},"66":{"start":{"line":142,"column":19},"end":{"line":142,"column":45}},"67":{"start":{"line":143,"column":2},"end":{"line":143,"column":null}},"68":{"start":{"line":143,"column":13},"end":{"line":143,"column":null}},"69":{"start":{"line":144,"column":17},"end":{"line":144,"column":65}},"70":{"start":{"line":145,"column":18},"end":{"line":145,"column":64}},"71":{"start":{"line":146,"column":8},"end":{"line":146,"column":49}},"72":{"start":{"line":147,"column":2},"end":{"line":147,"column":null}},"73":{"start":{"line":152,"column":73},"end":{"line":152,"column":99}},"74":{"start":{"line":153,"column":2},"end":{"line":153,"column":null}},"75":{"start":{"line":153,"column":62},"end":{"line":153,"column":null}},"76":{"start":{"line":154,"column":15},"end":{"line":154,"column":48}},"77":{"start":{"line":155,"column":2},"end":{"line":155,"column":null}},"78":{"start":{"line":155,"column":13},"end":{"line":155,"column":null}},"79":{"start":{"line":157,"column":19},"end":{"line":157,"column":67}},"80":{"start":{"line":158,"column":2},"end":{"line":158,"column":null}},"81":{"start":{"line":168,"column":73},"end":{"line":168,"column":99}},"82":{"start":{"line":169,"column":2},"end":{"line":169,"column":null}},"83":{"start":{"line":169,"column":37},"end":{"line":169,"column":null}},"84":{"start":{"line":173,"column":19},"end":{"line":175,"column":null}},"85":{"start":{"line":176,"column":2},"end":{"line":176,"column":null}}},"fnMap":{"0":{"name":"placeCardOnBattlefield","decl":{"start":{"line":28,"column":15},"end":{"line":28,"column":null}},"loc":{"start":{"line":32,"column":17},"end":{"line":63,"column":null}},"line":32},"1":{"name":"(anonymous_1)","decl":{"start":{"line":54,"column":20},"end":{"line":54,"column":29}},"loc":{"start":{"line":54,"column":39},"end":{"line":56,"column":null}},"line":54},"2":{"name":"(anonymous_2)","decl":{"start":{"line":58,"column":20},"end":{"line":58,"column":29}},"loc":{"start":{"line":58,"column":42},"end":{"line":60,"column":null}},"line":58},"3":{"name":"moveCardToHand","decl":{"start":{"line":72,"column":16},"end":{"line":72,"column":31}},"loc":{"start":{"line":72,"column":59},"end":{"line":76,"column":null}},"line":72},"4":{"name":"moveCardToDiscard","decl":{"start":{"line":79,"column":16},"end":{"line":79,"column":34}},"loc":{"start":{"line":79,"column":62},"end":{"line":83,"column":null}},"line":79},"5":{"name":"moveCardToExile","decl":{"start":{"line":86,"column":16},"end":{"line":86,"column":32}},"loc":{"start":{"line":86,"column":60},"end":{"line":90,"column":null}},"line":86},"6":{"name":"moveCardToDeckTop","decl":{"start":{"line":93,"column":16},"end":{"line":93,"column":34}},"loc":{"start":{"line":93,"column":62},"end":{"line":100,"column":null}},"line":93},"7":{"name":"moveCardToDeckBottom","decl":{"start":{"line":103,"column":16},"end":{"line":103,"column":37}},"loc":{"start":{"line":103,"column":65},"end":{"line":110,"column":null}},"line":103},"8":{"name":"moveCardFromBattlefield","decl":{"start":{"line":120,"column":16},"end":{"line":120,"column":40}},"loc":{"start":{"line":120,"column":85},"end":{"line":135,"column":null}},"line":120},"9":{"name":"addCardToBoard","decl":{"start":{"line":141,"column":16},"end":{"line":141,"column":31}},"loc":{"start":{"line":141,"column":66},"end":{"line":147,"column":null}},"line":141},"10":{"name":"playCardFromHand","decl":{"start":{"line":151,"column":22},"end":{"line":151,"column":39}},"loc":{"start":{"line":151,"column":104},"end":{"line":158,"column":null}},"line":151},"11":{"name":"playCardFromPile","decl":{"start":{"line":167,"column":22},"end":{"line":167,"column":39}},"loc":{"start":{"line":167,"column":66},"end":{"line":176,"column":null}},"line":167}},"branchMap":{"0":{"loc":{"start":{"line":46,"column":10},"end":{"line":46,"column":null}},"type":"cond-expr","locations":[{"start":{"line":46,"column":27},"end":{"line":46,"column":55}},{"start":{"line":46,"column":55},"end":{"line":46,"column":null}}],"line":46},"1":{"loc":{"start":{"line":49,"column":2},"end":{"line":63,"column":null}},"type":"if","locations":[{"start":{"line":49,"column":2},"end":{"line":63,"column":null}},{"start":{},"end":{}}],"line":49},"2":{"loc":{"start":{"line":49,"column":6},"end":{"line":49,"column":39}},"type":"binary-expr","locations":[{"start":{"line":49,"column":6},"end":{"line":49,"column":22}},{"start":{"line":49,"column":22},"end":{"line":49,"column":39}}],"line":49},"3":{"loc":{"start":{"line":53,"column":4},"end":{"line":60,"column":null}},"type":"if","locations":[{"start":{"line":53,"column":4},"end":{"line":60,"column":null}},{"start":{"line":57,"column":11},"end":{"line":60,"column":null}}],"line":53},"4":{"loc":{"start":{"line":62,"column":4},"end":{"line":63,"column":null}},"type":"if","locations":[{"start":{"line":62,"column":4},"end":{"line":63,"column":null}},{"start":{},"end":{}}],"line":62},"5":{"loc":{"start":{"line":74,"column":2},"end":{"line":74,"column":null}},"type":"if","locations":[{"start":{"line":74,"column":2},"end":{"line":74,"column":null}},{"start":{},"end":{}}],"line":74},"6":{"loc":{"start":{"line":74,"column":6},"end":{"line":74,"column":37}},"type":"binary-expr","locations":[{"start":{"line":74,"column":6},"end":{"line":74,"column":17}},{"start":{"line":74,"column":17},"end":{"line":74,"column":26}},{"start":{"line":74,"column":26},"end":{"line":74,"column":37}}],"line":74},"7":{"loc":{"start":{"line":81,"column":2},"end":{"line":81,"column":null}},"type":"if","locations":[{"start":{"line":81,"column":2},"end":{"line":81,"column":null}},{"start":{},"end":{}}],"line":81},"8":{"loc":{"start":{"line":81,"column":6},"end":{"line":81,"column":37}},"type":"binary-expr","locations":[{"start":{"line":81,"column":6},"end":{"line":81,"column":17}},{"start":{"line":81,"column":17},"end":{"line":81,"column":26}},{"start":{"line":81,"column":26},"end":{"line":81,"column":37}}],"line":81},"9":{"loc":{"start":{"line":88,"column":2},"end":{"line":88,"column":null}},"type":"if","locations":[{"start":{"line":88,"column":2},"end":{"line":88,"column":null}},{"start":{},"end":{}}],"line":88},"10":{"loc":{"start":{"line":88,"column":6},"end":{"line":88,"column":37}},"type":"binary-expr","locations":[{"start":{"line":88,"column":6},"end":{"line":88,"column":17}},{"start":{"line":88,"column":17},"end":{"line":88,"column":26}},{"start":{"line":88,"column":26},"end":{"line":88,"column":37}}],"line":88},"11":{"loc":{"start":{"line":95,"column":2},"end":{"line":95,"column":null}},"type":"if","locations":[{"start":{"line":95,"column":2},"end":{"line":95,"column":null}},{"start":{},"end":{}}],"line":95},"12":{"loc":{"start":{"line":95,"column":6},"end":{"line":95,"column":37}},"type":"binary-expr","locations":[{"start":{"line":95,"column":6},"end":{"line":95,"column":17}},{"start":{"line":95,"column":17},"end":{"line":95,"column":26}},{"start":{"line":95,"column":26},"end":{"line":95,"column":37}}],"line":95},"13":{"loc":{"start":{"line":97,"column":2},"end":{"line":98,"column":null}},"type":"if","locations":[{"start":{"line":97,"column":2},"end":{"line":98,"column":null}},{"start":{},"end":{}}],"line":97},"14":{"loc":{"start":{"line":105,"column":2},"end":{"line":105,"column":null}},"type":"if","locations":[{"start":{"line":105,"column":2},"end":{"line":105,"column":null}},{"start":{},"end":{}}],"line":105},"15":{"loc":{"start":{"line":105,"column":6},"end":{"line":105,"column":37}},"type":"binary-expr","locations":[{"start":{"line":105,"column":6},"end":{"line":105,"column":17}},{"start":{"line":105,"column":17},"end":{"line":105,"column":26}},{"start":{"line":105,"column":26},"end":{"line":105,"column":37}}],"line":105},"16":{"loc":{"start":{"line":107,"column":2},"end":{"line":108,"column":null}},"type":"if","locations":[{"start":{"line":107,"column":2},"end":{"line":108,"column":null}},{"start":{},"end":{}}],"line":107},"17":{"loc":{"start":{"line":122,"column":2},"end":{"line":122,"column":null}},"type":"if","locations":[{"start":{"line":122,"column":2},"end":{"line":122,"column":null}},{"start":{},"end":{}}],"line":122},"18":{"loc":{"start":{"line":122,"column":6},"end":{"line":122,"column":37}},"type":"binary-expr","locations":[{"start":{"line":122,"column":6},"end":{"line":122,"column":15}},{"start":{"line":122,"column":15},"end":{"line":122,"column":26}},{"start":{"line":122,"column":26},"end":{"line":122,"column":37}}],"line":122},"19":{"loc":{"start":{"line":126,"column":2},"end":{"line":126,"column":null}},"type":"if","locations":[{"start":{"line":126,"column":2},"end":{"line":126,"column":null}},{"start":{},"end":{}}],"line":126},"20":{"loc":{"start":{"line":126,"column":6},"end":{"line":126,"column":42}},"type":"binary-expr","locations":[{"start":{"line":126,"column":6},"end":{"line":126,"column":15}},{"start":{"line":126,"column":15},"end":{"line":126,"column":42}}],"line":126},"21":{"loc":{"start":{"line":131,"column":2},"end":{"line":135,"column":null}},"type":"switch","locations":[{"start":{"line":132,"column":4},"end":{"line":132,"column":null}},{"start":{"line":133,"column":4},"end":{"line":133,"column":null}},{"start":{"line":134,"column":4},"end":{"line":134,"column":null}},{"start":{"line":135,"column":4},"end":{"line":135,"column":null}}],"line":131},"22":{"loc":{"start":{"line":143,"column":2},"end":{"line":143,"column":null}},"type":"if","locations":[{"start":{"line":143,"column":2},"end":{"line":143,"column":null}},{"start":{},"end":{}}],"line":143},"23":{"loc":{"start":{"line":153,"column":2},"end":{"line":153,"column":null}},"type":"if","locations":[{"start":{"line":153,"column":2},"end":{"line":153,"column":null}},{"start":{},"end":{}}],"line":153},"24":{"loc":{"start":{"line":153,"column":6},"end":{"line":153,"column":62}},"type":"binary-expr","locations":[{"start":{"line":153,"column":6},"end":{"line":153,"column":15}},{"start":{"line":153,"column":15},"end":{"line":153,"column":26}},{"start":{"line":153,"column":26},"end":{"line":153,"column":39}},{"start":{"line":153,"column":39},"end":{"line":153,"column":62}}],"line":153},"25":{"loc":{"start":{"line":155,"column":2},"end":{"line":155,"column":null}},"type":"if","locations":[{"start":{"line":155,"column":2},"end":{"line":155,"column":null}},{"start":{},"end":{}}],"line":155},"26":{"loc":{"start":{"line":169,"column":2},"end":{"line":169,"column":null}},"type":"if","locations":[{"start":{"line":169,"column":2},"end":{"line":169,"column":null}},{"start":{},"end":{}}],"line":169},"27":{"loc":{"start":{"line":169,"column":6},"end":{"line":169,"column":37}},"type":"binary-expr","locations":[{"start":{"line":169,"column":6},"end":{"line":169,"column":15}},{"start":{"line":169,"column":15},"end":{"line":169,"column":26}},{"start":{"line":169,"column":26},"end":{"line":169,"column":37}}],"line":169},"28":{"loc":{"start":{"line":173,"column":19},"end":{"line":175,"column":null}},"type":"cond-expr","locations":[{"start":{"line":174,"column":6},"end":{"line":174,"column":83}},{"start":{"line":175,"column":6},"end":{"line":175,"column":null}}],"line":173}},"s":{"0":3,"1":3,"2":3,"3":3,"4":3,"5":3,"6":3,"7":3,"8":3,"9":3,"10":0,"11":0,"12":0,"13":0,"14":0,"15":0,"16":0,"17":0,"18":3,"19":3,"20":0,"21":3,"22":3,"23":1,"24":1,"25":0,"26":1,"27":1,"28":1,"29":1,"30":0,"31":1,"32":1,"33":1,"34":1,"35":0,"36":1,"37":1,"38":0,"39":1,"40":1,"41":1,"42":0,"43":1,"44":1,"45":0,"46":1,"47":2,"48":2,"49":0,"50":2,"51":2,"52":2,"53":2,"54":1,"55":1,"56":1,"57":1,"58":1,"59":1,"60":0,"61":0,"62":0,"63":0,"64":0,"65":0,"66":0,"67":0,"68":0,"69":0,"70":0,"71":0,"72":0,"73":2,"74":2,"75":0,"76":2,"77":2,"78":1,"79":1,"80":1,"81":2,"82":2,"83":0,"84":2,"85":2},"f":{"0":3,"1":0,"2":0,"3":3,"4":1,"5":1,"6":1,"7":1,"8":2,"9":0,"10":2,"11":2},"b":{"0":[0,3],"1":[0,3],"2":[3,3],"3":[0,0],"4":[0,0],"5":[0,3],"6":[3,3,3],"7":[0,1],"8":[1,1,1],"9":[0,1],"10":[1,1,1],"11":[0,1],"12":[1,1,1],"13":[0,1],"14":[0,1],"15":[1,1,1],"16":[0,1],"17":[0,2],"18":[2,2,2],"19":[1,1],"20":[2,2],"21":[1,0,0,0],"22":[0,0],"23":[0,2],"24":[2,2,2,2],"25":[1,1],"26":[0,2],"27":[2,2,2],"28":[1,1]},"meta":{"lastBranch":29,"lastFunction":12,"lastStatement":86,"seen":{"f:28:15:28:Infinity":0,"s:33:51:33:Infinity":0,"s:34:16:34:Infinity":1,"s:35:16:35:Infinity":2,"s:37:17:37:65":3,"s:38:18:38:64":4,"s:39:8:39:44":5,"s:40:2:40:Infinity":6,"s:41:2:41:Infinity":7,"s:43:2:47:Infinity":8,"b:46:27:46:55:46:55:46:Infinity":0,"b:49:2:63:Infinity:undefined:undefined:undefined:undefined":1,"s:49:2:63:Infinity":9,"b:49:6:49:22:49:22:49:39":2,"s:50:19:50:98":10,"b:53:4:60:Infinity:57:11:60:Infinity":3,"s:53:4:60:Infinity":11,"s:54:6:56:Infinity":12,"f:54:20:54:29":1,"s:55:8:55:Infinity":13,"s:58:6:60:Infinity":14,"f:58:20:58:29":2,"s:59:8:59:Infinity":15,"b:62:4:63:Infinity:undefined:undefined:undefined:undefined":4,"s:62:4:63:Infinity":16,"s:63:6:63:Infinity":17,"f:72:16:72:31":3,"s:73:37:73:63":18,"b:74:2:74:Infinity:undefined:undefined:undefined:undefined":5,"s:74:2:74:Infinity":19,"b:74:6:74:17:74:17:74:26:74:26:74:37":6,"s:74:37:74:Infinity":20,"s:75:2:75:Infinity":21,"s:76:2:76:Infinity":22,"f:79:16:79:34":4,"s:80:37:80:63":23,"b:81:2:81:Infinity:undefined:undefined:undefined:undefined":7,"s:81:2:81:Infinity":24,"b:81:6:81:17:81:17:81:26:81:26:81:37":8,"s:81:37:81:Infinity":25,"s:82:2:82:Infinity":26,"s:83:2:83:Infinity":27,"f:86:16:86:32":5,"s:87:37:87:63":28,"b:88:2:88:Infinity:undefined:undefined:undefined:undefined":9,"s:88:2:88:Infinity":29,"b:88:6:88:17:88:17:88:26:88:26:88:37":10,"s:88:37:88:Infinity":30,"s:89:2:89:Infinity":31,"s:90:2:90:Infinity":32,"f:93:16:93:34":6,"s:94:50:94:76":33,"b:95:2:95:Infinity:undefined:undefined:undefined:undefined":11,"s:95:2:95:Infinity":34,"b:95:6:95:17:95:17:95:26:95:26:95:37":12,"s:95:37:95:Infinity":35,"s:96:2:96:Infinity":36,"b:97:2:98:Infinity:undefined:undefined:undefined:undefined":13,"s:97:2:98:Infinity":37,"s:98:4:98:Infinity":38,"s:100:2:100:Infinity":39,"f:103:16:103:37":7,"s:104:50:104:76":40,"b:105:2:105:Infinity:undefined:undefined:undefined:undefined":14,"s:105:2:105:Infinity":41,"b:105:6:105:17:105:17:105:26:105:26:105:37":15,"s:105:37:105:Infinity":42,"s:106:2:106:Infinity":43,"b:107:2:108:Infinity:undefined:undefined:undefined:undefined":16,"s:107:2:108:Infinity":44,"s:108:4:108:Infinity":45,"s:110:2:110:Infinity":46,"f:120:16:120:40":8,"s:121:37:121:63":47,"b:122:2:122:Infinity:undefined:undefined:undefined:undefined":17,"s:122:2:122:Infinity":48,"b:122:6:122:15:122:15:122:26:122:26:122:37":18,"s:122:37:122:Infinity":49,"s:123:17:123:65":50,"s:124:18:124:64":51,"s:125:15:125:33":52,"b:126:2:126:Infinity:undefined:undefined:undefined:undefined":19,"s:126:2:126:Infinity":53,"b:126:6:126:15:126:15:126:42":20,"s:126:42:126:Infinity":54,"s:128:2:128:Infinity":55,"s:129:2:129:Infinity":56,"b:132:4:132:Infinity:133:4:133:Infinity:134:4:134:Infinity:135:4:135:Infinity":21,"s:131:2:135:Infinity":57,"s:132:17:132:39":58,"s:132:39:132:Infinity":59,"s:133:20:133:45":60,"s:133:45:133:Infinity":61,"s:134:18:134:41":62,"s:134:41:134:Infinity":63,"s:135:17:135:42":64,"s:135:42:135:Infinity":65,"f:141:16:141:31":9,"s:142:19:142:45":66,"b:143:2:143:Infinity:undefined:undefined:undefined:undefined":22,"s:143:2:143:Infinity":67,"s:143:13:143:Infinity":68,"s:144:17:144:65":69,"s:145:18:145:64":70,"s:146:8:146:49":71,"s:147:2:147:Infinity":72,"f:151:22:151:39":10,"s:152:73:152:99":73,"b:153:2:153:Infinity:undefined:undefined:undefined:undefined":23,"s:153:2:153:Infinity":74,"b:153:6:153:15:153:15:153:26:153:26:153:39:153:39:153:62":24,"s:153:62:153:Infinity":75,"s:154:15:154:48":76,"b:155:2:155:Infinity:undefined:undefined:undefined:undefined":25,"s:155:2:155:Infinity":77,"s:155:13:155:Infinity":78,"s:157:19:157:67":79,"s:158:2:158:Infinity":80,"f:167:22:167:39":11,"s:168:73:168:99":81,"b:169:2:169:Infinity:undefined:undefined:undefined:undefined":26,"s:169:2:169:Infinity":82,"b:169:6:169:15:169:15:169:26:169:26:169:37":27,"s:169:37:169:Infinity":83,"s:173:19:175:Infinity":84,"b:174:6:174:83:175:6:175:Infinity":28,"s:176:2:176:Infinity":85},"fnNames":{}}}
,"/Users/kenwu/WebstormProjects/aura/.claude/worktrees/join-log/src/features/battlefield/battlefieldCardActions.ts": {"path":"/Users/kenwu/WebstormProjects/aura/.claude/worktrees/join-log/src/features/battlefield/battlefieldCardActions.ts","statementMap":{"0":{"start":{"line":30,"column":2},"end":{"line":30,"column":null}},"1":{"start":{"line":40,"column":15},"end":{"line":40,"column":null}},"2":{"start":{"line":42,"column":2},"end":{"line":51,"column":null}},"3":{"start":{"line":43,"column":4},"end":{"line":47,"column":null}},"4":{"start":{"line":44,"column":6},"end":{"line":45,"column":null}},"5":{"start":{"line":45,"column":8},"end":{"line":45,"column":null}},"6":{"start":{"line":48,"column":4},"end":{"line":49,"column":null}},"7":{"start":{"line":49,"column":6},"end":{"line":49,"column":null}},"8":{"start":{"line":51,"column":4},"end":{"line":51,"column":null}},"9":{"start":{"line":54,"column":15},"end":{"line":54,"column":33}},"10":{"start":{"line":55,"column":2},"end":{"line":55,"column":null}},"11":{"start":{"line":55,"column":13},"end":{"line":55,"column":null}},"12":{"start":{"line":57,"column":2},"end":{"line":178,"column":null}},"13":{"start":{"line":60,"column":19},"end":{"line":60,"column":null}},"14":{"start":{"line":61,"column":6},"end":{"line":61,"column":null}},"15":{"start":{"line":62,"column":6},"end":{"line":68,"column":null}},"16":{"start":{"line":63,"column":26},"end":{"line":63,"column":65}},"17":{"start":{"line":64,"column":8},"end":{"line":68,"column":null}},"18":{"start":{"line":70,"column":6},"end":{"line":70,"column":null}},"19":{"start":{"line":74,"column":28},"end":{"line":74,"column":null}},"20":{"start":{"line":75,"column":6},"end":{"line":75,"column":null}},"21":{"start":{"line":76,"column":6},"end":{"line":86,"column":null}},"22":{"start":{"line":77,"column":26},"end":{"line":77,"column":65}},"23":{"start":{"line":81,"column":8},"end":{"line":84,"column":null}},"24":{"start":{"line":82,"column":10},"end":{"line":82,"column":null}},"25":{"start":{"line":84,"column":10},"end":{"line":84,"column":null}},"26":{"start":{"line":86,"column":8},"end":{"line":86,"column":null}},"27":{"start":{"line":88,"column":6},"end":{"line":88,"column":null}},"28":{"start":{"line":91,"column":12},"end":{"line":91,"column":53}},"29":{"start":{"line":92,"column":38},"end":{"line":100,"column":null}},"30":{"start":{"line":101,"column":6},"end":{"line":101,"column":null}},"31":{"start":{"line":102,"column":6},"end":{"line":108,"column":null}},"32":{"start":{"line":103,"column":26},"end":{"line":103,"column":65}},"33":{"start":{"line":104,"column":8},"end":{"line":108,"column":null}},"34":{"start":{"line":110,"column":6},"end":{"line":110,"column":null}},"35":{"start":{"line":116,"column":6},"end":{"line":120,"column":null}},"36":{"start":{"line":121,"column":6},"end":{"line":121,"column":null}},"37":{"start":{"line":125,"column":6},"end":{"line":129,"column":null}},"38":{"start":{"line":130,"column":6},"end":{"line":130,"column":null}},"39":{"start":{"line":132,"column":6},"end":{"line":132,"column":null}},"40":{"start":{"line":133,"column":6},"end":{"line":133,"column":null}},"41":{"start":{"line":134,"column":6},"end":{"line":134,"column":null}},"42":{"start":{"line":135,"column":6},"end":{"line":141,"column":null}},"43":{"start":{"line":136,"column":26},"end":{"line":136,"column":65}},"44":{"start":{"line":137,"column":8},"end":{"line":141,"column":null}},"45":{"start":{"line":143,"column":6},"end":{"line":143,"column":null}},"46":{"start":{"line":150,"column":6},"end":{"line":150,"column":null}},"47":{"start":{"line":151,"column":6},"end":{"line":151,"column":null}},"48":{"start":{"line":152,"column":6},"end":{"line":152,"column":null}},"49":{"start":{"line":153,"column":6},"end":{"line":153,"column":null}},"50":{"start":{"line":154,"column":6},"end":{"line":154,"column":null}},"51":{"start":{"line":156,"column":6},"end":{"line":156,"column":null}},"52":{"start":{"line":157,"column":6},"end":{"line":157,"column":null}},"53":{"start":{"line":158,"column":6},"end":{"line":158,"column":null}},"54":{"start":{"line":159,"column":6},"end":{"line":159,"column":null}},"55":{"start":{"line":160,"column":6},"end":{"line":160,"column":null}},"56":{"start":{"line":162,"column":6},"end":{"line":162,"column":null}},"57":{"start":{"line":163,"column":6},"end":{"line":163,"column":null}},"58":{"start":{"line":164,"column":6},"end":{"line":164,"column":null}},"59":{"start":{"line":165,"column":6},"end":{"line":165,"column":null}},"60":{"start":{"line":166,"column":6},"end":{"line":166,"column":null}},"61":{"start":{"line":168,"column":6},"end":{"line":168,"column":null}},"62":{"start":{"line":169,"column":6},"end":{"line":169,"column":null}},"63":{"start":{"line":170,"column":6},"end":{"line":170,"column":null}},"64":{"start":{"line":171,"column":6},"end":{"line":171,"column":null}},"65":{"start":{"line":172,"column":6},"end":{"line":172,"column":null}},"66":{"start":{"line":174,"column":6},"end":{"line":174,"column":null}},"67":{"start":{"line":175,"column":6},"end":{"line":175,"column":null}},"68":{"start":{"line":176,"column":6},"end":{"line":176,"column":null}},"69":{"start":{"line":177,"column":6},"end":{"line":177,"column":null}},"70":{"start":{"line":178,"column":6},"end":{"line":178,"column":null}}},"fnMap":{"0":{"name":"opponentOwnerName","decl":{"start":{"line":29,"column":9},"end":{"line":29,"column":27}},"loc":{"start":{"line":29,"column":94},"end":{"line":30,"column":null}},"line":29},"1":{"name":"executeBattlefieldCardAction","decl":{"start":{"line":33,"column":16},"end":{"line":33,"column":null}},"loc":{"start":{"line":39,"column":2},"end":{"line":178,"column":null}},"line":39},"2":{"name":"(anonymous_2)","decl":{"start":{"line":43,"column":11},"end":{"line":43,"column":20}},"loc":{"start":{"line":43,"column":31},"end":{"line":47,"column":null}},"line":43}},"branchMap":{"0":{"loc":{"start":{"line":30,"column":9},"end":{"line":30,"column":80}},"type":"cond-expr","locations":[{"start":{"line":30,"column":36},"end":{"line":30,"column":43}},{"start":{"line":30,"column":36},"end":{"line":30,"column":80}}],"line":30},"1":{"loc":{"start":{"line":42,"column":2},"end":{"line":51,"column":null}},"type":"if","locations":[{"start":{"line":42,"column":2},"end":{"line":51,"column":null}},{"start":{},"end":{}}],"line":42},"2":{"loc":{"start":{"line":44,"column":6},"end":{"line":45,"column":null}},"type":"if","locations":[{"start":{"line":44,"column":6},"end":{"line":45,"column":null}},{"start":{},"end":{}}],"line":44},"3":{"loc":{"start":{"line":44,"column":10},"end":{"line":44,"column":48}},"type":"binary-expr","locations":[{"start":{"line":44,"column":10},"end":{"line":44,"column":36}},{"start":{"line":44,"column":36},"end":{"line":44,"column":48}}],"line":44},"4":{"loc":{"start":{"line":48,"column":4},"end":{"line":49,"column":null}},"type":"if","locations":[{"start":{"line":48,"column":4},"end":{"line":49,"column":null}},{"start":{},"end":{}}],"line":48},"5":{"loc":{"start":{"line":55,"column":2},"end":{"line":55,"column":null}},"type":"if","locations":[{"start":{"line":55,"column":2},"end":{"line":55,"column":null}},{"start":{},"end":{}}],"line":55},"6":{"loc":{"start":{"line":57,"column":2},"end":{"line":178,"column":null}},"type":"switch","locations":[{"start":{"line":58,"column":4},"end":{"line":70,"column":null}},{"start":{"line":72,"column":4},"end":{"line":88,"column":null}},{"start":{"line":90,"column":4},"end":{"line":110,"column":null}},{"start":{"line":115,"column":4},"end":{"line":121,"column":null}},{"start":{"line":122,"column":4},"end":{"line":130,"column":null}},{"start":{"line":131,"column":4},"end":{"line":143,"column":null}},{"start":{"line":149,"column":4},"end":{"line":154,"column":null}},{"start":{"line":155,"column":4},"end":{"line":160,"column":null}},{"start":{"line":161,"column":4},"end":{"line":166,"column":null}},{"start":{"line":167,"column":4},"end":{"line":172,"column":null}},{"start":{"line":173,"column":4},"end":{"line":178,"column":null}}],"line":57},"7":{"loc":{"start":{"line":60,"column":19},"end":{"line":60,"column":null}},"type":"cond-expr","locations":[{"start":{"line":60,"column":35},"end":{"line":60,"column":48}},{"start":{"line":60,"column":48},"end":{"line":60,"column":null}}],"line":60},"8":{"loc":{"start":{"line":62,"column":6},"end":{"line":68,"column":null}},"type":"if","locations":[{"start":{"line":62,"column":6},"end":{"line":68,"column":null}},{"start":{},"end":{}}],"line":62},"9":{"loc":{"start":{"line":67,"column":16},"end":{"line":67,"column":null}},"type":"cond-expr","locations":[{"start":{"line":67,"column":28},"end":{"line":67,"column":76}},{"start":{"line":67,"column":76},"end":{"line":67,"column":null}}],"line":67},"10":{"loc":{"start":{"line":76,"column":6},"end":{"line":86,"column":null}},"type":"if","loca
[...]
,"/Users/kenwu/WebstormProjects/aura/.claude/worktrees/join-log/src/shared/utils/centerHtmlElementOnDrag.ts": {"path":"/Users/kenwu/WebstormProjects/aura/.claude/worktrees/join-log/src/shared/utils/centerHtmlElementOnDrag.ts","statementMap":{"0":{"start":{"line":9,"column":28},"end":{"line":9,"column":61}},"1":{"start":{"line":11,"column":2},"end":{"line":16,"column":null}},"2":{"start":{"line":12,"column":4},"end":{"line":12,"column":null}},"3":{"start":{"line":13,"column":13},"end":{"line":16,"column":null}},"4":{"start":{"line":14,"column":4},"end":{"line":14,"column":null}},"5":{"start":{"line":16,"column":4},"end":{"line":16,"column":null}},"6":{"start":{"line":22,"column":92},"end":{"line":35,"column":null}},"7":{"start":{"line":37,"column":15},"end":{"line":37,"column":46}},"8":{"start":{"line":38,"column":24},"end":{"line":38,"column":40}},"9":{"start":{"line":40,"column":20},"end":{"line":40,"column":null}},"10":{"start":{"line":41,"column":19},"end":{"line":41,"column":null}},"11":{"start":{"line":42,"column":2},"end":{"line":42,"column":null}},"12":{"start":{"line":46,"column":27},"end":{"line":46,"column":59}},"13":{"start":{"line":48,"column":23},"end":{"line":48,"column":null}},"14":{"start":{"line":49,"column":23},"end":{"line":49,"column":null}},"15":{"start":{"line":51,"column":2},"end":{"line":51,"column":null}}},"fnMap":{"0":{"name":"getAgentString","decl":{"start":{"line":8,"column":9},"end":{"line":8,"column":37}},"loc":{"start":{"line":8,"column":37},"end":{"line":16,"column":null}},"line":8},"1":{"name":"getOffsets","decl":{"start":{"line":20,"column":9},"end":{"line":20,"column":20}},"loc":{"start":{"line":20,"column":80},"end":{"line":42,"column":null}},"line":20},"2":{"name":"setElementDragPoint","decl":{"start":{"line":45,"column":16},"end":{"line":45,"column":36}},"loc":{"start":{"line":45,"column":107},"end":{"line":51,"column":null}},"line":45}},"branchMap":{"0":{"loc":{"start":{"line":11,"column":2},"end":{"line":16,"column":null}},"type":"if","locations":[{"start":{"line":11,"column":2},"end":{"line":16,"column":null}},{"start":{"line":13,"column":13},"end":{"line":16,"column":null}}],"line":11},"1":{"loc":{"start":{"line":11,"column":6},"end":{"line":11,"column":67}},"type":"binary-expr","locations":[{"start":{"line":11,"column":6},"end":{"line":11,"column":34}},{"start":{"line":11,"column":38},"end":{"line":11,"column":67}}],"line":11},"2":{"loc":{"start":{"line":13,"column":13},"end":{"line":16,"column":null}},"type":"if","locations":[{"start":{"line":13,"column":13},"end":{"line":16,"column":null}},{"start":{"line":15,"column":9},"end":{"line":16,"column":null}}],"line":13}},"s":{"0":0,"1":0,"2":0,"3":0,"4":0,"5":0,"6":0,"7":0,"8":0,"9":0,"10":0,"11":0,"12":0,"13":0,"14":0,"15":0},"f":{"0":0,"1":0,"2":0},"b":{"0":[0,0],"1":[0,0],"2":[0,0]},"meta":{"lastBranch":3,"lastFunction":3,"lastStatement":16,"seen":{"f:8:9:8:37":0,"s:9:28:9:61":0,"b:11:2:16:Infinity:13:13:16:Infinity":0,"s:11:2:16:Infinity":1,"b:11:6:11:34:11:38:11:67":1,"s:12:4:12:Infinity":2,"b:13:13:16:Infinity:15:9:16:Infinity":2,"s:13:13:16:Infinity":3,"s:14:4:14:Infinity":4,"s:16:4:16:Infinity":5,"f:20:9:20:20":1,"s:22:92:35:Infinity":6,"s:37:15:37:46":7,"s:38:24:38:40":8,"s:40:20:40:Infinity":9,"s:41:19:41:Infinity":10,"s:42:2:42:Infinity":11,"f:45:16:45:36":2,"s:46:27:46:59":12,"s:48:23:48:Infinity":13,"s:49:23:49:Infinity":14,"s:51:2:51:Infinity":15},"fnNames":{}}}
,"/Users/kenwu/WebstormProjects/aura/.claude/worktrees/join-log/src/shared/utils/confirmation.tsx": {"path":"/Users/kenwu/WebstormProjects/aura/.claude/worktrees/join-log/src/shared/utils/confirmation.tsx","statementMap":{"0":{"start":{"line":12,"column":2},"end":{"line":44,"column":null}},"1":{"start":{"line":14,"column":22},"end":{"line":14,"column":51}},"2":{"start":{"line":15,"column":4},"end":{"line":15,"column":null}},"3":{"start":{"line":16,"column":4},"end":{"line":16,"column":null}},"4":{"start":{"line":18,"column":10},"end":{"line":18,"column":38}},"5":{"start":{"line":20,"column":10},"end":{"line":22,"column":null}},"6":{"start":{"line":21,"column":6},"end":{"line":21,"column":null}},"7":{"start":{"line":22,"column":6},"end":{"line":22,"column":null}},"8":{"start":{"line":25,"column":10},"end":{"line":27,"column":null}},"9":{"start":{"line":26,"column":6},"end":{"line":26,"column":null}},"10":{"start":{"line":27,"column":6},"end":{"line":27,"column":null}},"11":{"start":{"line":30,"column":10},"end":{"line":32,"column":null}},"12":{"start":{"line":31,"column":6},"end":{"line":31,"column":null}},"13":{"start":{"line":32,"column":6},"end":{"line":32,"column":null}},"14":{"start":{"line":35,"column":4},"end":{"line":43,"column":null}}},"fnMap":{"0":{"name":"triggerConfirmation","decl":{"start":{"line":11,"column":16},"end":{"line":11,"column":36}},"loc":{"start":{"line":11,"column":91},"end":{"line":44,"column":null}},"line":11},"1":{"name":"(anonymous_1)","decl":{"start":{"line":12,"column":13},"end":{"line":12,"column":22}},"loc":{"start":{"line":12,"column":34},"end":{"line":44,"column":null}},"line":12},"2":{"name":"(anonymous_2)","decl":{"start":{"line":20,"column":10},"end":{"line":20,"column":26}},"loc":{"start":{"line":20,"column":26},"end":{"line":22,"column":null}},"line":20},"3":{"name":"(anonymous_3)","decl":{"start":{"line":25,"column":10},"end":{"line":25,"column":32}},"loc":{"start":{"line":25,"column":32},"end":{"line":27,"column":null}},"line":25},"4":{"name":"(anonymous_4)","decl":{"start":{"line":30,"column":10},"end":{"line":30,"column":31}},"loc":{"start":{"line":30,"column":31},"end":{"line":32,"column":null}},"line":30}},"branchMap":{},"s":{"0":0,"1":0,"2":0,"3":0,"4":0,"5":0,"6":0,"7":0,"8":0,"9":0,"10":0,"11":0,"12":0,"13":0,"14":0},"f":{"0":0,"1":0,"2":0,"3":0,"4":0},"b":{},"meta":{"lastBranch":0,"lastFunction":5,"lastStatement":15,"seen":{"f:11:16:11:36":0,"s:12:2:44:Infinity":0,"f:12:13:12:22":1,"s:14:22:14:51":1,"s:15:4:15:Infinity":2,"s:16:4:16:Infinity":3,"s:18:10:18:38":4,"s:20:10:22:Infinity":5,"f:20:10:20:26":2,"s:21:6:21:Infinity":6,"s:22:6:22:Infinity":7,"s:25:10:27:Infinity":8,"f:25:10:25:32":3,"s:26:6:26:Infinity":9,"s:27:6:27:Infinity":10,"s:30:10:32:Infinity":11,"f:30:10:30:31":4,"s:31:6:31:Infinity":12,"s:32:6:32:Infinity":13,"s:35:4:43:Infinity":14},"fnNames":{}}}
,"/Users/kenwu/WebstormProjects/aura/.claude/worktrees/join-log/src/shared/utils/ids.ts": {"path":"/Users/kenwu/WebstormProjects/aura/.claude/worktrees/join-log/src/shared/utils/ids.ts","statementMap":{"0":{"start":{"line":3,"column":2},"end":{"line":3,"column":null}},"1":{"start":{"line":7,"column":2},"end":{"line":7,"column":null}},"2":{"start":{"line":11,"column":2},"end":{"line":11,"column":null}},"3":{"start":{"line":15,"column":2},"end":{"line":15,"column":null}}},"fnMap":{"0":{"name":"randomIdSuffix","decl":{"start":{"line":2,"column":16},"end":{"line":2,"column":31}},"loc":{"start":{"line":2,"column":59},"end":{"line":3,"column":null}},"line":2},"1":{"name":"makeCardId","decl":{"start":{"line":6,"column":16},"end":{"line":6,"column":37}},"loc":{"start":{"line":6,"column":37},"end":{"line":7,"column":null}},"line":6},"2":{"name":"makeTokenId","decl":{"start":{"line":10,"column":16},"end":{"line":10,"column":38}},"loc":{"start":{"line":10,"column":38},"end":{"line":11,"column":null}},"line":10},"3":{"name":"makeCounterId","decl":{"start":{"line":14,"column":16},"end":{"line":14,"column":40}},"loc":{"start":{"line":14,"column":40},"end":{"line":15,"column":null}},"line":14}},"branchMap":{"0":{"loc":{"start":{"line":2,"column":31},"end":{"line":2,"column":59}},"type":"default-arg","locations":[{"start":{"line":2,"column":48},"end":{"line":2,"column":59}}],"line":2}},"s":{"0":842,"1":820,"2":9,"3":12},"f":{"0":842,"1":820,"2":9,"3":12},"b":{"0":[842]},"meta":{"lastBranch":1,"lastFunction":4,"lastStatement":4,"seen":{"f:2:16:2:31":0,"b:2:48:2:59":0,"s:3:2:3:Infinity":0,"f:6:16:6:37":1,"s:7:2:7:Infinity":1,"f:10:16:10:38":2,"s:11:2:11:Infinity":2,"f:14:16:14:40":3,"s:15:2:15:Infinity":3},"fnNames":{}}}
,"/Users/kenwu/WebstormProjects/aura/.claude/worktrees/join-log/src/shared/utils/resolvePlayerName.ts": {"path":"/Users/kenwu/WebstormProjects/aura/.claude/worktrees/join-log/src/shared/utils/resolvePlayerName.ts","statementMap":{"0":{"start":{"line":16,"column":14},"end":{"line":16,"column":48}},"1":{"start":{"line":17,"column":2},"end":{"line":17,"column":null}}},"fnMap":{"0":{"name":"resolvePlayerName","decl":{"start":{"line":15,"column":16},"end":{"line":15,"column":34}},"loc":{"start":{"line":15,"column":73},"end":{"line":17,"column":null}},"line":15}},"branchMap":{"0":{"loc":{"start":{"line":17,"column":10},"end":{"line":17,"column":84}},"type":"binary-expr","locations":[{"start":{"line":17,"column":10},"end":{"line":17,"column":37}},{"start":{"line":17,"column":64},"end":{"line":17,"column":84}}],"line":17}},"s":{"0":27,"1":27},"f":{"0":27},"b":{"0":[27,11]},"meta":{"lastBranch":1,"lastFunction":1,"lastStatement":2,"seen":{"f:15:16:15:34":0,"s:16:14:16:48":0,"s:17:2:17:Infinity":1,"b:17:10:17:37:17:64:17:84":0},"fnNames":{}}}
,"/Users/kenwu/WebstormProjects/aura/.claude/worktrees/join-log/src/shared/utils/utils.ts": {"path":"/Users/kenwu/WebstormProjects/aura/.claude/worktrees/join-log/src/shared/utils/utils.ts","statementMap":{"0":{"start":{"line":5,"column":2},"end":{"line":5,"column":null}}},"fnMap":{"0":{"name":"cn","decl":{"start":{"line":4,"column":16},"end":{"line":4,"column":19}},"loc":{"start":{"line":4,"column":44},"end":{"line":5,"column":null}},"line":4}},"branchMap":{},"s":{"0":941},"f":{"0":941},"b":{},"meta":{"lastBranch":0,"lastFunction":1,"lastStatement":1,"seen":{"f:4:16:4:19":0,"s:5:2:5:Infinity":0},"fnNames":{}}}
,"/Users/kenwu/WebstormProjects/aura/.claude/worktrees/join-log/src/test/factories.ts": {"path":"/Users/kenwu/WebstormProjects/aura/.claude/worktrees/join-log/src/test/factories.ts","statementMap":{"0":{"start":{"line":11,"column":14},"end":{"line":11,"column":null}},"1":{"start":{"line":15,"column":2},"end":{"line":15,"column":null}},"2":{"start":{"line":16,"column":2},"end":{"line":31,"column":null}},"3":{"start":{"line":39,"column":2},"end":{"line":41,"column":null}},"4":{"start":{"line":40,"column":4},"end":{"line":40,"column":72}},"5":{"start":{"line":44,"column":15},"end":{"line":44,"column":null}},"6":{"start":{"line":48,"column":2},"end":{"line":48,"column":null}},"7":{"start":{"line":49,"column":2},"end":{"line":60,"column":null}}},"fnMap":{"0":{"name":"makeCard","decl":{"start":{"line":14,"column":16},"end":{"line":14,"column":25}},"loc":{"start":{"line":14,"column":62},"end":{"line":31,"column":null}},"line":14},"1":{"name":"makeCards","decl":{"start":{"line":35,"column":16},"end":{"line":35,"column":null}},"loc":{"start":{"line":38,"column":10},"end":{"line":41,"column":null}},"line":38},"2":{"name":"(anonymous_2)","decl":{"start":{"line":39,"column":33},"end":{"line":39,"column":36}},"loc":{"start":{"line":40,"column":4},"end":{"line":40,"column":72}},"line":40},"3":{"name":"makeToken","decl":{"start":{"line":47,"column":16},"end":{"line":47,"column":26}},"loc":{"start":{"line":47,"column":79},"end":{"line":60,"column":null}},"line":47}},"branchMap":{"0":{"loc":{"start":{"line":14,"column":25},"end":{"line":14,"column":54}},"type":"default-arg","locations":[{"start":{"line":14,"column":52},"end":{"line":14,"column":54}}],"line":14},"1":{"loc":{"start":{"line":37,"column":2},"end":{"line":37,"column":68}},"type":"default-arg","locations":[{"start":{"line":37,"column":66},"end":{"line":37,"column":68}}],"line":37},"2":{"loc":{"start":{"line":40,"column":13},"end":{"line":40,"column":72}},"type":"cond-expr","locations":[{"start":{"line":40,"column":47},"end":{"line":40,"column":59}},{"start":{"line":40,"column":62},"end":{"line":40,"column":72}}],"line":40},"3":{"loc":{"start":{"line":47,"column":26},"end":{"line":47,"column":63}},"type":"default-arg","locations":[{"start":{"line":47,"column":61},"end":{"line":47,"column":63}}],"line":47}},"s":{"0":11,"1":602,"2":602,"3":99,"4":569,"5":11,"6":11,"7":11},"f":{"0":602,"1":99,"2":569,"3":11},"b":{"0":[602],"1":[99],"2":[9,560],"3":[11]},"meta":{"lastBranch":4,"lastFunction":4,"lastStatement":8,"seen":{"s:11:14:11:Infinity":0,"f:14:16:14:25":0,"b:14:52:14:54":0,"s:15:2:15:Infinity":1,"s:16:2:31:Infinity":2,"f:35:16:35:Infinity":1,"b:37:66:37:68":1,"s:39:2:41:Infinity":3,"f:39:33:39:36":2,"s:40:4:40:72":4,"b:40:47:40:59:40:62:40:72":2,"s:44:15:44:Infinity":5,"f:47:16:47:26":3,"b:47:61:47:63":3,"s:48:2:48:Infinity":6,"s:49:2:60:Infinity":7},"fnNames":{}}}
,"/Users/kenwu/WebstormProjects/aura/.claude/worktrees/join-log/src/test/harness.tsx": {"path":"/Users/kenwu/WebstormProjects/aura/.claude/worktrees/join-log/src/test/harness.tsx","statementMap":{"0":{"start":{"line":29,"column":8},"end":{"line":29,"column":36}},"1":{"start":{"line":31,"column":20},"end":{"line":31,"column":46}},"2":{"start":{"line":32,"column":2},"end":{"line":32,"column":null}},"3":{"start":{"line":33,"column":2},"end":{"line":33,"column":null}},"4":{"start":{"line":34,"column":2},"end":{"line":34,"column":null}},"5":{"start":{"line":35,"column":2},"end":{"line":35,"column":null}},"6":{"start":{"line":37,"column":8},"end":{"line":37,"column":42}},"7":{"start":{"line":38,"column":2},"end":{"line":38,"column":null}}},"fnMap":{"0":{"name":"renderWithGame","decl":{"start":{"line":25,"column":16},"end":{"line":25,"column":null}},"loc":{"start":{"line":28,"column":24},"end":{"line":38,"column":null}},"line":28}},"branchMap":{"0":{"loc":{"start":{"line":27,"column":2},"end":{"line":27,"column":63}},"type":"default-arg","locations":[{"start":{"line":27,"column":61},"end":{"line":27,"column":63}}],"line":27}},"s":{"0":59,"1":59,"2":59,"3":59,"4":59,"5":59,"6":59,"7":59},"f":{"0":59},"b":{"0":[59]},"meta":{"lastBranch":1,"lastFunction":1,"lastStatement":8,"seen":{"f:25:16:25:Infinity":0,"b:27:61:27:63":0,"s:29:8:29:36":0,"s:31:20:31:46":1,"s:32:2:32:Infinity":2,"s:33:2:33:Infinity":3,"s:34:2:34:Infinity":4,"s:35:2:35:Infinity":5,"s:37:8:37:42":6,"s:38:2:38:Infinity":7},"fnNames":{}}}
,"/Users/kenwu/WebstormProjects/aura/.claude/worktrees/join-log/src/test/nodeHarness.tsx": {"path":"/Users/kenwu/WebstormProjects/aura/.claude/worktrees/join-log/src/test/nodeHarness.tsx","statementMap":{"0":{"start":{"line":24,"column":2},"end":{"line":38,"column":null}},"1":{"start":{"line":56,"column":2},"end":{"line":56,"column":null}}},"fnMap":{"0":{"name":"makeNodeProps","decl":{"start":{"line":20,"column":16},"end":{"line":20,"column":null}},"loc":{"start":{"line":23,"column":13},"end":{"line":38,"column":null}},"line":23},"1":{"name":"renderNode","decl":{"start":{"line":51,"column":16},"end":{"line":51,"column":null}},"loc":{"start":{"line":55,"column":24},"end":{"line":56,"column":null}},"line":55}},"branchMap":{"0":{"loc":{"start":{"line":22,"column":2},"end":{"line":22,"column":36}},"type":"default-arg","locations":[{"start":{"line":22,"column":34},"end":{"line":22,"column":36}}],"line":22},"1":{"loc":{"start":{"line":54,"column":2},"end":{"line":54,"column":55}},"type":"default-arg","locations":[{"start":{"line":54,"column":53},"end":{"line":54,"column":55}}],"line":54}},"s":{"0":37,"1":36},"f":{"0":37,"1":36},"b":{"0":[37],"1":[36]},"meta":{"lastBranch":2,"lastFunction":2,"lastStatement":2,"seen":{"f:20:16:20:Infinity":0,"b:22:34:22:36":0,"s:24:2:38:Infinity":0,"f:51:16:51:Infinity":1,"b:54:53:54:55":1,"s:56:2:56:Infinity":1},"fnNames":{}}}
,"/Users/kenwu/WebstormProjects/aura/.claude/worktrees/join-log/src/test/seedGame.ts": {"path":"/Users/kenwu/WebstormProjects/aura/.claude/worktrees/join-log/src/test/seedGame.ts","statementMap":{"0":{"start":{"line":32,"column":19},"end":{"line":32,"column":null}},"1":{"start":{"line":33,"column":15},"end":{"line":33,"column":26}},"2":{"start":{"line":35,"column":15},"end":{"line":35,"column":82}},"3":{"start":{"line":36,"column":17},"end":{"line":36,"column":94}},"4":{"start":{"line":38,"column":2},"end":{"line":38,"column":null}},"5":{"start":{"line":38,"column":31},"end":{"line":38,"column":67}},"6":{"start":{"line":40,"column":2},"end":{"line":40,"column":null}}},"fnMap":{"0":{"name":"seedGame","decl":{"start":{"line":31,"column":16},"end":{"line":31,"column":25}},"loc":{"start":{"line":31,"column":65},"end":{"line":40,"column":null}},"line":31},"1":{"name":"(anonymous_1)","decl":{"start":{"line":38,"column":13},"end":{"line":38,"column":22}},"loc":{"start":{"line":38,"column":31},"end":{"line":38,"column":67}},"line":38}},"branchMap":{"0":{"loc":{"start":{"line":31,"column":25},"end":{"line":31,"column":51}},"type":"default-arg","locations":[{"start":{"line":31,"column":49},"end":{"line":31,"column":51}}],"line":31},"1":{"loc":{"start":{"line":32,"column":19},"end":{"line":32,"column":null}},"type":"binary-expr","locations":[{"start":{"line":32,"column":19},"end":{"line":32,"column":36}},{"start":{"line":32,"column":36},"end":{"line":32,"column":null}}],"line":32},"2":{"loc":{"start":{"line":35,"column":15},"end":{"line":35,"column":82}},"type":"cond-expr","locations":[{"start":{"line":35,"column":47},"end":{"line":35,"column":77}},{"start":{"line":35,"column":80},"end":{"line":35,"column":82}}],"line":35},"3":{"loc":{"start":{"line":35,"column":15},"end":{"line":35,"column":51}},"type":"binary-expr","locations":[{"start":{"line":35,"column":15},"end":{"line":35,"column":28}},{"start":{"line":35,"column":28},"end":{"line":35,"column":51}}],"line":35},"4":{"loc":{"start":{"line":36,"column":67},"end":{"line":36,"column":93}},"type":"binary-expr","locations":[{"start":{"line":36,"column":67},"end":{"line":36,"column":89}},{"start":{"line":36,"column":89},"end":{"line":36,"column":93}}],"line":36}},"s":{"0":117,"1":117,"2":117,"3":117,"4":117,"5":13,"6":117},"f":{"0":117,"1":13},"b":{"0":[117],"1":[117,29],"2":[10,107],"3":[117,10],"4":[117,116]},"meta":{"lastBranch":5,"lastFunction":2,"lastStatement":7,"seen":{"f:31:16:31:25":0,"b:31:49:31:51":0,"s:32:19:32:Infinity":0,"b:32:19:32:36:32:36:32:Infinity":1,"s:33:15:33:26":1,"s:35:15:35:82":2,"b:35:47:35:77:35:80:35:82":2,"b:35:15:35:28:35:28:35:51":3,"s:36:17:36:94":3,"b:36:67:36:89:36:89:36:93":4,"s:38:2:38:Infinity":4,"f:38:13:38:22":1,"s:38:31:38:67":5,"s:40:2:40:Infinity":6},"fnNames":{}}}
,"/Users/kenwu/WebstormProjects/aura/.claude/worktrees/join-log/src/test/seededRandom.ts": {"path":"/Users/kenwu/WebstormProjects/aura/.claude/worktrees/join-log/src/test/seededRandom.ts","statementMap":{"0":{"start":{"line":12,"column":10},"end":{"line":12,"column":null}},"1":{"start":{"line":13,"column":2},"end":{"line":18,"column":null}},"2":{"start":{"line":14,"column":4},"end":{"line":14,"column":null}},"3":{"start":{"line":15,"column":4},"end":{"line":15,"column":null}},"4":{"start":{"line":16,"column":12},"end":{"line":16,"column":44}},"5":{"start":{"line":17,"column":4},"end":{"line":17,"column":null}},"6":{"start":{"line":18,"column":4},"end":{"line":18,"column":null}}},"fnMap":{"0":{"name":"seededRandom","decl":{"start":{"line":11,"column":16},"end":{"line":11,"column":29}},"loc":{"start":{"line":11,"column":57},"end":{"line":18,"column":null}},"line":11},"1":{"name":"(anonymous_1)","decl":{"start":{"line":13,"column":2},"end":{"line":13,"column":15}},"loc":{"start":{"line":13,"column":15},"end":{"line":18,"column":null}},"line":13}},"branchMap":{},"s":{"0":5,"1":5,"2":61,"3":61,"4":61,"5":61,"6":61},"f":{"0":5,"1":61},"b":{},"meta":{"lastBranch":0,"lastFunction":2,"lastStatement":7,"seen":{"f:11:16:11:29":0,"s:12:10:12:Infinity":0,"s:13:2:18:Infinity":1,"f:13:2:13:15":1,"s:14:4:14:Infinity":2,"s:15:4:15:Infinity":3,"s:16:12:16:44":4,"s:17:4:17:Infinity":5,"s:18:4:18:Infinity":6},"fnNames":{}}}
}
